<?xml version="1.0" encoding="UTF-8"?>
<!-- Generated by org.testng.reporters.JUnitReportReporter -->
<testsuite hostname="NonOpsDev87" failures="0" tests="1" name="GTZTransportation.gtz.LoadFlow_Invoice_SpotQuoteTest" time="146.741" errors="0" timestamp="2025-02-25T20:46:54 PKT" skipped="0">
  <testcase classname="GTZTransportation.gtz.LoadFlow_Invoice_SpotQuoteTest" name="spotQuote_Complete_Load_Invoice_Flow_Tests" time="146.741"/>
  <system-out/>
</testsuite> <!-- GTZTransportation.gtz.LoadFlow_Invoice_SpotQuoteTest -->
