<?xml version="1.0" encoding="UTF-8"?>
<!-- Generated by org.testng.reporters.JUnitReportReporter -->
<testsuite hostname="NonOpsDev87" failures="0" tests="1" name="GTZTransportation.gtz.Create_V22_LPSDirectLoad_AwardTest" time="94.481" errors="0" timestamp="2025-04-21T20:20:00 PKT" skipped="0">
  <testcase classname="GTZTransportation.gtz.Create_V22_LPSDirectLoad_AwardTest" name="spotQuote_V22_LPSDirect_Tests" time="94.481"/>
  <system-out/>
</testsuite> <!-- GTZTransportation.gtz.Create_V22_LPSDirectLoad_AwardTest -->
