<?xml version="1.0" encoding="UTF-8"?>
<!-- Generated by org.testng.reporters.JUnitReportReporter -->
<testsuite hostname="NonOpsDev87" failures="0" tests="1" name="GTZTransportation.gtz.FreightPayment_BatchShipmentsTest" time="42.794" errors="0" timestamp="2025-05-14T21:46:38 PKT" skipped="0">
  <testcase classname="GTZTransportation.gtz.FreightPayment_BatchShipmentsTest" name="FreightPayment_BatchShipments_test" time="42.794"/>
  <system-out/>
</testsuite> <!-- GTZTransportation.gtz.FreightPayment_BatchShipmentsTest -->
