<?xml version="1.0" encoding="UTF-8"?>
<!-- Generated by org.testng.reporters.JUnitReportReporter -->
<testsuite hostname="NonOpsDev87" failures="0" tests="1" name="GTZTransportation.gtz.LoadBoard_OpenLoads_SpotQuoteTest" time="17.889" errors="0" timestamp="2025-03-21T22:05:31 PKT" skipped="0">
  <testcase classname="GTZTransportation.gtz.LoadBoard_OpenLoads_SpotQuoteTest" name="spotQuote_LoadBoard_OpenLoads_Tests" time="17.889"/>
  <system-out/>
</testsuite> <!-- GTZTransportation.gtz.LoadBoard_OpenLoads_SpotQuoteTest -->
