<?xml version="1.0" encoding="UTF-8"?>
<!-- Generated by org.testng.reporters.JUnitReportReporter -->
<testsuite hostname="NonOpsDev87" failures="0" tests="1" name="GTZTransportation.gtz.LPS_MyShipmentsTest" time="38.597" errors="0" timestamp="2025-01-22T02:12:12 PKT" skipped="0">
  <testcase classname="GTZTransportation.gtz.LPS_MyShipmentsTest" name="LPS_MyshipmentsTest" time="38.597"/>
  <system-out/>
</testsuite> <!-- GTZTransportation.gtz.LPS_MyShipmentsTest -->
