<?xml version="1.0" encoding="UTF-8"?>
<!-- Generated by org.testng.reporters.JUnitReportReporter -->
<testsuite hostname="NonOpsDev87" failures="0" tests="1" name="GTZTransportation.gtz.CreateQuickLoad_AwardTest" time="79.111" errors="0" timestamp="2025-05-02T20:54:41 PKT" skipped="0">
  <testcase classname="GTZTransportation.gtz.CreateQuickLoad_AwardTest" name="spotQuote_QuickLoad_Tests" time="79.111"/>
  <system-out/>
</testsuite> <!-- GTZTransportation.gtz.CreateQuickLoad_AwardTest -->
