<?xml version="1.0" encoding="UTF-8"?>
<!-- Generated by org.testng.reporters.JUnitReportReporter -->
<testsuite hostname="NonOpsDev87" failures="0" tests="1" name="GTZTransportation.gtz.LPS_Admin_AdhocAssignCarrierTest" time="13.482" errors="0" timestamp="2025-03-21T22:05:32 PKT" skipped="0">
  <testcase classname="GTZTransportation.gtz.LPS_Admin_AdhocAssignCarrierTest" name="LPS_Admin_Adhoc_AssignCarrier_Tests" time="13.482"/>
  <system-out/>
</testsuite> <!-- GTZTransportation.gtz.LPS_Admin_AdhocAssignCarrierTest -->
