<?xml version="1.0" encoding="UTF-8"?>
<!-- Generated by org.testng.reporters.JUnitReportReporter -->
<testsuite hostname="NonOpsDev87" failures="0" tests="1" name="GTZTransportation.gtz.ServiceType_Admin_SpotQuoteTest" time="14.477" errors="0" timestamp="2024-11-22T05:36:14 PKT" skipped="0">
  <testcase classname="GTZTransportation.gtz.ServiceType_Admin_SpotQuoteTest" name="spotQuote_ServiceTypes_Admin_Tests" time="14.477"/>
  <system-out/>
</testsuite> <!-- GTZTransportation.gtz.ServiceType_Admin_SpotQuoteTest -->
