<?xml version="1.0" encoding="UTF-8"?>
<!-- Generated by org.testng.reporters.JUnitReportReporter -->
<testsuite hostname="NonOpsDev87" failures="0" tests="1" name="GTZTransportation.gtz.History_FindRatesTest" time="20.329" errors="0" timestamp="2024-05-14T22:15:14 PKT" skipped="0">
  <testcase classname="GTZTransportation.gtz.History_FindRatesTest" name="FindRates_History_Tests" time="20.329"/>
  <system-out/>
</testsuite> <!-- GTZTransportation.gtz.History_FindRatesTest -->
