<?xml version="1.0" encoding="UTF-8"?>
<!-- Generated by org.testng.reporters.JUnitReportReporter -->
<testsuite hostname="NonOpsDev87" failures="0" tests="1" name="GTZTransportation.gtz.CreateBOL_FindRates_CustomerRouted_Test" time="51.347" errors="0" timestamp="2025-04-03T11:33:41 PKT" skipped="0">
  <testcase classname="GTZTransportation.gtz.CreateBOL_FindRates_CustomerRouted_Test" name="FindRates_BOL_Creation_CustomerRouted_Tests" time="51.347"/>
  <system-out/>
</testsuite> <!-- GTZTransportation.gtz.CreateBOL_FindRates_CustomerRouted_Test -->
