<?xml version="1.0" encoding="UTF-8"?>
<!-- Generated by org.testng.reporters.JUnitReportReporter -->
<testsuite hostname="NonOpsDev87" failures="0" tests="1" name="GTZTransportation.gtz.KeyRevenue_InvoicegeneralTest" time="29.062" errors="0" timestamp="2024-04-23T22:43:31 PKT" skipped="0">
  <testcase classname="GTZTransportation.gtz.KeyRevenue_InvoicegeneralTest" name="KeyRevenue_InvoiceGeneral_tests" time="29.062"/>
  <system-out/>
</testsuite> <!-- GTZTransportation.gtz.KeyRevenue_InvoicegeneralTest -->
