<?xml version="1.0" encoding="UTF-8"?>
<!-- Generated by org.testng.reporters.JUnitReportReporter -->
<testsuite hostname="NonOpsDev87" failures="0" tests="1" name="GTZTransportation.gtz.LPS_Dashboard_All_ReportsTest" time="85.453" errors="0" timestamp="2025-04-21T20:20:00 PKT" skipped="0">
  <testcase classname="GTZTransportation.gtz.LPS_Dashboard_All_ReportsTest" name="LPS_Dashboard_Reports_Tests" time="85.453"/>
  <system-out/>
</testsuite> <!-- GTZTransportation.gtz.LPS_Dashboard_All_ReportsTest -->
