<?xml version="1.0" encoding="UTF-8"?>
<!-- Generated by org.testng.reporters.JUnitReportReporter -->
<testsuite hostname="NonOpsDev87" failures="0" tests="1" name="GTZTransportation.gtz.LoadHistory_SpotQuoteTest" time="57.096" errors="0" timestamp="2025-01-29T00:11:42 PKT" skipped="0">
  <testcase classname="GTZTransportation.gtz.LoadHistory_SpotQuoteTest" name="spotQuote_LoadHistory_Tests" time="57.096"/>
  <system-out/>
</testsuite> <!-- GTZTransportation.gtz.LoadHistory_SpotQuoteTest -->
