<?xml version="1.0" encoding="UTF-8"?>
<!-- Generated by org.testng.reporters.JUnitReportReporter -->
<testsuite hostname="NonOpsDev87" failures="0" tests="1" name="GTZTransportation.gtz.LPS_AccountManager_AddressbookTest" time="21.296" errors="0" timestamp="2024-04-30T20:33:47 PKT" skipped="0">
  <testcase classname="GTZTransportation.gtz.LPS_AccountManager_AddressbookTest" name="LPS_AccountManagement_Addresses_Tests" time="21.296"/>
  <system-out/>
</testsuite> <!-- GTZTransportation.gtz.LPS_AccountManager_AddressbookTest -->
