<?xml version="1.0" encoding="UTF-8"?>
<!-- Generated by org.testng.reporters.JUnitReportReporter -->
<testsuite hostname="NonOpsDev87" failures="0" tests="1" name="GTZTransportation.gtz.FreightPayment_AccountPayableTest" time="33.847" errors="0" timestamp="2025-02-19T22:00:16 PKT" skipped="0">
  <testcase classname="GTZTransportation.gtz.FreightPayment_AccountPayableTest" name="FreightPayment_Account_Payable" time="33.847"/>
  <system-out/>
</testsuite> <!-- GTZTransportation.gtz.FreightPayment_AccountPayableTest -->
