<?xml version="1.0" encoding="UTF-8"?>
<!-- Generated by org.testng.reporters.JUnitReportReporter -->
<testsuite hostname="NonOpsDev87" failures="0" tests="1" name="GTZTransportation.gtz.CreateMassLoad_AwardTest" time="24.595" errors="0" timestamp="2024-09-27T00:52:44 PKT" skipped="0">
  <testcase classname="GTZTransportation.gtz.CreateMassLoad_AwardTest" name="spotQuote_MassLoad_Tests" time="24.595"/>
  <system-out/>
</testsuite> <!-- GTZTransportation.gtz.CreateMassLoad_AwardTest -->
