<?xml version="1.0" encoding="UTF-8"?>
<!-- Generated by org.testng.reporters.JUnitReportReporter -->
<testsuite hostname="NonOpsDev87" failures="0" tests="1" name="GTZTransportation.gtz.Transport_Admin_SpotQuoteTest" time="12.239" errors="0" timestamp="2024-07-26T13:01:45 PKT" skipped="0">
  <testcase classname="GTZTransportation.gtz.Transport_Admin_SpotQuoteTest" name="spotQuote_Transport_Admin_Tests" time="12.239"/>
  <system-out/>
</testsuite> <!-- GTZTransportation.gtz.Transport_Admin_SpotQuoteTest -->
