<?xml version="1.0" encoding="UTF-8"?>
<!-- Generated by org.testng.reporters.JUnitReportReporter -->
<testsuite hostname="NonOpsDev87" failures="0" tests="1" name="GTZTransportation.gtz.VICS_VeiwOrdersTest" time="5.996" errors="0" timestamp="2025-02-19T22:00:16 PKT" skipped="0">
  <testcase classname="GTZTransportation.gtz.VICS_VeiwOrdersTest" name="VICS_ViewOrders_Tests" time="5.996"/>
  <system-out/>
</testsuite> <!-- GTZTransportation.gtz.VICS_VeiwOrdersTest -->
