<?xml version="1.0" encoding="UTF-8"?>
<!-- Generated by org.testng.reporters.JUnitReportReporter -->
<testsuite hostname="NonOpsDev87" failures="0" tests="1" name="GTZTransportation.gtz.LPS_Admin_AssetUploadTest" time="10.232" errors="0" timestamp="2025-03-21T22:05:31 PKT" skipped="0">
  <testcase classname="GTZTransportation.gtz.LPS_Admin_AssetUploadTest" name="LPS_Admin_AssetUpload_Tests" time="10.232"/>
  <system-out/>
</testsuite> <!-- GTZTransportation.gtz.LPS_Admin_AssetUploadTest -->
