<?xml version="1.0" encoding="UTF-8"?>
<!-- Generated by org.testng.reporters.JUnitReportReporter -->
<testsuite hostname="NonOpsDev87" failures="0" tests="1" name="GTZTransportation.gtz.VICS_VerifyCustomerTest" time="4.764" errors="0" timestamp="2024-08-02T00:08:08 PKT" skipped="0">
  <testcase classname="GTZTransportation.gtz.VICS_VerifyCustomerTest" name="VICS_CustomersList_Tests" time="4.764"/>
  <system-out/>
</testsuite> <!-- GTZTransportation.gtz.VICS_VerifyCustomerTest -->
