<?xml version="1.0" encoding="UTF-8"?>
<!-- Generated by org.testng.reporters.JUnitReportReporter -->
<testsuite hostname="NonOpsDev87" failures="0" tests="1" name="GTZTransportation.gtz.LPS_Admin_AssetUploadTest" time="11.570" errors="0" timestamp="2024-05-14T22:15:14 PKT" skipped="0">
  <testcase classname="GTZTransportation.gtz.LPS_Admin_AssetUploadTest" name="LPS_Admin_AssetUpload_Tests" time="11.570"/>
  <system-out/>
</testsuite> <!-- GTZTransportation.gtz.LPS_Admin_AssetUploadTest -->
