<?xml version="1.0" encoding="UTF-8"?>
<!-- Generated by org.testng.reporters.JUnitReportReporter -->
<testsuite hostname="NonOpsDev87" failures="0" tests="1" name="GTZTransportation.gtz.LPSCustomer_Carrier_CarrierListTest" time="27.847" errors="0" timestamp="2025-01-22T02:12:12 PKT" skipped="0">
  <testcase classname="GTZTransportation.gtz.LPSCustomer_Carrier_CarrierListTest" name="CustomerCarriers_CarrierList_tests" time="27.847"/>
  <system-out/>
</testsuite> <!-- GTZTransportation.gtz.LPSCustomer_Carrier_CarrierListTest -->
