<?xml version="1.0" encoding="UTF-8"?>
<!-- Generated by org.testng.reporters.JUnitReportReporter -->
<testsuite hostname="NonOpsDev87" failures="0" tests="1" name="GTZTransportation.gtz.KeyRevenue_ReportsTest" time="252.050" errors="0" timestamp="2024-10-22T03:02:06 PKT" skipped="0">
  <testcase classname="GTZTransportation.gtz.KeyRevenue_ReportsTest" name="KeyRevenue_Report_tests" time="252.050"/>
  <system-out/>
</testsuite> <!-- GTZTransportation.gtz.KeyRevenue_ReportsTest -->
