<?xml version="1.0" encoding="UTF-8"?>
<!-- Generated by org.testng.reporters.JUnitReportReporter -->
<testsuite hostname="NonOpsDev87" failures="0" tests="1" name="GTZTransportation.gtz.LPS_Admin_SecurityTest" time="30.890" errors="0" timestamp="2025-02-25T20:46:54 PKT" skipped="0">
  <testcase classname="GTZTransportation.gtz.LPS_Admin_SecurityTest" name="LPS_Admin_Security_Tests" time="30.890"/>
  <system-out/>
</testsuite> <!-- GTZTransportation.gtz.LPS_Admin_SecurityTest -->
