<?xml version="1.0" encoding="UTF-8"?>
<!-- Generated by org.testng.reporters.JUnitReportReporter -->
<testsuite hostname="NonOpsDev87" failures="0" tests="1" name="GTZTransportation.gtz.FreightPayment_MissingCarriersTest" time="17.967" errors="0" timestamp="2024-04-23T22:43:30 PKT" skipped="0">
  <testcase classname="GTZTransportation.gtz.FreightPayment_MissingCarriersTest" name="FreightPayment_Missing_Carriers" time="17.967"/>
  <system-out/>
</testsuite> <!-- GTZTransportation.gtz.FreightPayment_MissingCarriersTest -->
