<?xml version="1.0" encoding="UTF-8"?>
<!-- Generated by org.testng.reporters.JUnitReportReporter -->
<testsuite hostname="NonOpsDev87" failures="0" tests="1" name="GTZTransportation.gtz.LPS_Admin_AdhocZeroInvoiceTest" time="13.395" errors="0" timestamp="2024-05-17T00:39:23 PKT" skipped="0">
  <testcase classname="GTZTransportation.gtz.LPS_Admin_AdhocZeroInvoiceTest" name="LPS_Admin_Adhoc_ZeroInvoicer_Tests" time="13.395"/>
  <system-out/>
</testsuite> <!-- GTZTransportation.gtz.LPS_Admin_AdhocZeroInvoiceTest -->
