<?xml version="1.0" encoding="UTF-8"?>
<!-- Generated by org.testng.reporters.JUnitReportReporter -->
<testsuite hostname="NonOpsDev87" failures="0" tests="1" name="GTZTransportation.gtz.Report1_SpotQuoteTest" time="96.413" errors="0" timestamp="2025-05-15T18:09:07 PKT" skipped="0">
  <testcase classname="GTZTransportation.gtz.Report1_SpotQuoteTest" name="spotQuote_Reports_Tests" time="96.413"/>
  <system-out/>
</testsuite> <!-- GTZTransportation.gtz.Report1_SpotQuoteTest -->
