<?xml version="1.0" encoding="UTF-8"?>
<!-- Generated by org.testng.reporters.JUnitReportReporter -->
<testsuite hostname="NonOpsDev87" failures="0" tests="1" name="GTZTransportation.gtz.LPSCustomer_Carrier_CustomerListTest" time="33.551" errors="0" timestamp="2024-04-23T22:43:30 PKT" skipped="0">
  <testcase classname="GTZTransportation.gtz.LPSCustomer_Carrier_CustomerListTest" name="CustomerCarriers_CustomerList_tests" time="33.551"/>
  <system-out/>
</testsuite> <!-- GTZTransportation.gtz.LPSCustomer_Carrier_CustomerListTest -->
