<?xml version="1.0" encoding="UTF-8"?>
<!-- Generated by org.testng.reporters.JUnitReportReporter -->
<testsuite hostname="NonOpsDev87" failures="0" tests="1" name="GTZTransportation.gtz.LPS_ProductCatalog_MyTeamTest" time="10.103" errors="0" timestamp="2024-10-21T18:49:06 PKT" skipped="0">
  <testcase classname="GTZTransportation.gtz.LPS_ProductCatalog_MyTeamTest" name="LPS_AccountManagement_Tests" time="10.103"/>
  <system-out/>
</testsuite> <!-- GTZTransportation.gtz.LPS_ProductCatalog_MyTeamTest -->
