<?xml version="1.0" encoding="UTF-8"?>
<!-- Generated by org.testng.reporters.JUnitReportReporter -->
<testsuite hostname="NonOpsDev87" failures="0" tests="1" name="GTZTransportation.gtz.LPS_Admin_AssetUploadTest" time="9.963" errors="0" timestamp="2024-05-07T20:04:09 PKT" skipped="0">
  <testcase classname="GTZTransportation.gtz.LPS_Admin_AssetUploadTest" name="LPS_Admin_AssetUpload_Tests" time="9.963"/>
  <system-out/>
</testsuite> <!-- GTZTransportation.gtz.LPS_Admin_AssetUploadTest -->
