<?xml version="1.0" encoding="UTF-8"?>
<!-- Generated by org.testng.reporters.JUnitReportReporter -->
<testsuite hostname="NonOpsDev87" failures="0" tests="1" name="GTZTransportation.gtz.FreightPayment_CarrierPortalTest" time="40.492" errors="0" timestamp="2024-12-20T10:23:12 PKT" skipped="0">
  <testcase classname="GTZTransportation.gtz.FreightPayment_CarrierPortalTest" name="FreightPayment_CarrierPortal_Tests" time="40.492"/>
  <system-out/>
</testsuite> <!-- GTZTransportation.gtz.FreightPayment_CarrierPortalTest -->
