<?xml version="1.0" encoding="UTF-8"?>
<!-- Generated by org.testng.reporters.JUnitReportReporter -->
<testsuite hostname="NonOpsDev87" failures="0" tests="1" name="GTZTransportation.gtz.KeyRevenue1_ReportsTest" time="25.170" errors="0" timestamp="2024-12-20T10:23:12 PKT" skipped="0">
  <testcase classname="GTZTransportation.gtz.KeyRevenue1_ReportsTest" name="KeyRevenue_Report1_tests" time="25.170"/>
  <system-out/>
</testsuite> <!-- GTZTransportation.gtz.KeyRevenue1_ReportsTest -->
