<?xml version="1.0" encoding="UTF-8"?>
<!-- Generated by org.testng.reporters.JUnitReportReporter -->
<testsuite hostname="NonOpsDev87" failures="0" tests="1" name="GTZTransportation.gtz.LoadBoard_LoadManagement_SpotQuoteTest" time="44.723" errors="0" timestamp="2025-04-21T20:20:00 PKT" skipped="0">
  <testcase classname="GTZTransportation.gtz.LoadBoard_LoadManagement_SpotQuoteTest" name="spotQuote_LoadBoard_LoadManagement_Tests" time="44.723"/>
  <system-out/>
</testsuite> <!-- GTZTransportation.gtz.LoadBoard_LoadManagement_SpotQuoteTest -->
