<?xml version="1.0" encoding="UTF-8"?>
<!-- Generated by org.testng.reporters.JUnitReportReporter -->
<testsuite hostname="NonOpsDev87" failures="0" tests="1" name="GTZTransportation.gtz.Create_V22_LPSDirectLoad_AwardTest" time="91.899" errors="0" timestamp="2024-09-27T15:09:51 PKT" skipped="0">
  <testcase classname="GTZTransportation.gtz.Create_V22_LPSDirectLoad_AwardTest" name="spotQuote_V22_LPSDirect_Tests" time="91.899"/>
  <system-out/>
</testsuite> <!-- GTZTransportation.gtz.Create_V22_LPSDirectLoad_AwardTest -->
