<?xml version="1.0" encoding="UTF-8"?>
<!-- Generated by org.testng.reporters.JUnitReportReporter -->
<testsuite hostname="NonOpsDev87" failures="0" tests="1" name="GTZTransportation.gtz.LPS_QuickReportTest" time="39.530" errors="0" timestamp="2024-10-22T02:55:22 PKT" skipped="0">
  <testcase classname="GTZTransportation.gtz.LPS_QuickReportTest" name="LPS_QuickReport_Tests" time="39.530"/>
  <system-out/>
</testsuite> <!-- GTZTransportation.gtz.LPS_QuickReportTest -->
