<?xml version="1.0" encoding="UTF-8"?>
<!-- Generated by org.testng.reporters.JUnitReportReporter -->
<testsuite hostname="NonOpsDev87" failures="0" tests="1" name="GTZTransportation.gtz.KeyRevenue1_ReportsTest" time="28.852" errors="0" timestamp="2025-01-28T21:03:33 PKT" skipped="0">
  <testcase classname="GTZTransportation.gtz.KeyRevenue1_ReportsTest" name="KeyRevenue_Report1_tests" time="28.852"/>
  <system-out/>
</testsuite> <!-- GTZTransportation.gtz.KeyRevenue1_ReportsTest -->
