<?xml version="1.0" encoding="UTF-8"?>
<!-- Generated by org.testng.reporters.JUnitReportReporter -->
<testsuite hostname="NonOpsDev87" failures="0" tests="1" name="GTZTransportation.gtz.Carriers_Admin_SpotQuoteTest" time="13.110" errors="0" timestamp="2024-04-30T23:11:22 PKT" skipped="0">
  <testcase classname="GTZTransportation.gtz.Carriers_Admin_SpotQuoteTest" name="spotQuote_Carriers_Admin_Tests" time="13.110"/>
  <system-out/>
</testsuite> <!-- GTZTransportation.gtz.Carriers_Admin_SpotQuoteTest -->
