<?xml version="1.0" encoding="UTF-8"?>
<!-- Generated by org.testng.reporters.JUnitReportReporter -->
<testsuite hostname="NonOpsDev87" failures="0" tests="1" name="GTZTransportation.gtz.Orders_PO_SpotQuoteTest" time="24.593" errors="0" timestamp="2025-03-21T22:05:31 PKT" skipped="0">
  <testcase classname="GTZTransportation.gtz.Orders_PO_SpotQuoteTest" name="spotQuote_POCreation_Orders_Tests" time="24.593"/>
  <system-out/>
</testsuite> <!-- GTZTransportation.gtz.Orders_PO_SpotQuoteTest -->
