<?xml version="1.0" encoding="UTF-8"?>
<!-- Generated by org.testng.reporters.JUnitReportReporter -->
<testsuite hostname="NonOpsDev87" failures="0" tests="1" name="GTZTransportation.gtz.FindRatesCarriersTest" time="35.374" errors="0" timestamp="2025-04-21T20:20:00 PKT" skipped="0">
  <testcase classname="GTZTransportation.gtz.FindRatesCarriersTest" name="FindRates_Carriers_Tests" time="35.374"/>
  <system-out/>
</testsuite> <!-- GTZTransportation.gtz.FindRatesCarriersTest -->
