<?xml version="1.0" encoding="UTF-8"?>
<!-- Generated by org.testng.reporters.JUnitReportReporter -->
<testsuite hostname="NonOpsDev87" failures="0" tests="3" name="GTZTransportation.gtz.LPS_Admin_AdhocChangeCustomerTest" time="39.495" errors="0" timestamp="2024-10-21T18:49:06 PKT" skipped="2">
  <testcase classname="GTZTransportation.gtz.LPS_Admin_AdhocChangeCustomerTest" name="LPS_Admin_Adhoc_ChangeCustomer_Tests" time="12.900">
    <skipped/>
  </testcase> <!-- LPS_Admin_Adhoc_ChangeCustomer_Tests -->
  <system-out/>
  <testcase classname="GTZTransportation.gtz.LPS_Admin_AdhocChangeCustomerTest" name="LPS_Admin_Adhoc_ChangeCustomer_Tests" time="13.239"/>
  <system-out/>
  <testcase classname="GTZTransportation.gtz.LPS_Admin_AdhocChangeCustomerTest" name="LPS_Admin_Adhoc_ChangeCustomer_Tests" time="13.356">
    <skipped/>
  </testcase> <!-- LPS_Admin_Adhoc_ChangeCustomer_Tests -->
  <system-out/>
</testsuite> <!-- GTZTransportation.gtz.LPS_Admin_AdhocChangeCustomerTest -->
