<?xml version="1.0" encoding="UTF-8"?>
<!-- Generated by org.testng.reporters.JUnitReportReporter -->
<testsuite hostname="NonOpsDev87" failures="0" tests="1" name="GTZTransportation.gtz.FreightPayment_Reports1Test" time="52.640" errors="0" timestamp="2025-03-21T22:05:32 PKT" skipped="0">
  <testcase classname="GTZTransportation.gtz.FreightPayment_Reports1Test" name="FreightPayment_Report1_tests" time="52.640"/>
  <system-out/>
</testsuite> <!-- GTZTransportation.gtz.FreightPayment_Reports1Test -->
