<?xml version="1.0" encoding="UTF-8"?>
<!-- Generated by org.testng.reporters.JUnitReportReporter -->
<testsuite hostname="NonOpsDev87" failures="0" tests="1" name="GTZTransportation.gtz.LPS_QuickReportTest" time="67.951" errors="0" timestamp="2024-12-18T20:41:20 PKT" skipped="0">
  <testcase classname="GTZTransportation.gtz.LPS_QuickReportTest" name="LPS_QuickReport_Tests" time="67.951"/>
  <system-out/>
</testsuite> <!-- GTZTransportation.gtz.LPS_QuickReportTest -->
