<?xml version="1.0" encoding="UTF-8"?>
<!-- Generated by org.testng.reporters.JUnitReportReporter -->
<testsuite hostname="NonOpsDev87" failures="0" tests="1" name="GTZTransportation.gtz.KeyRevenue_ReportsTest" time="150.921" errors="0" timestamp="2024-05-14T22:15:14 PKT" skipped="0">
  <testcase classname="GTZTransportation.gtz.KeyRevenue_ReportsTest" name="KeyRevenue_Report_tests" time="150.921"/>
  <system-out/>
</testsuite> <!-- GTZTransportation.gtz.KeyRevenue_ReportsTest -->
