<?xml version="1.0" encoding="UTF-8"?>
<!-- Generated by org.testng.reporters.JUnitReportReporter -->
<testsuite hostname="NonOpsDev87" failures="0" tests="1" name="GTZTransportation.gtz.LPS_Dashboard_ChangeCustomerTest" time="6.327" errors="0" timestamp="2025-04-03T03:25:09 PKT" skipped="0">
  <testcase classname="GTZTransportation.gtz.LPS_Dashboard_ChangeCustomerTest" name="LPS_Dashboard_ChangeCustomer_Tests" time="6.327"/>
  <system-out/>
</testsuite> <!-- GTZTransportation.gtz.LPS_Dashboard_ChangeCustomerTest -->
