<?xml version="1.0" encoding="UTF-8"?>
<!-- Generated by org.testng.reporters.JUnitReportReporter -->
<testsuite hostname="NonOpsDev87" failures="0" tests="1" name="GTZTransportation.gtz.LPS_Admin_Adhoc_RemoveBatch_Test" time="13.800" errors="0" timestamp="2024-09-30T19:27:44 PKT" skipped="0">
  <testcase classname="GTZTransportation.gtz.LPS_Admin_Adhoc_RemoveBatch_Test" name="LPS_Admin_Adhoc_RemoveBatch_Tests" time="13.800"/>
  <system-out/>
</testsuite> <!-- GTZTransportation.gtz.LPS_Admin_Adhoc_RemoveBatch_Test -->
