<?xml version="1.0" encoding="UTF-8"?>
<!-- Generated by org.testng.reporters.JUnitReportReporter -->
<testsuite hostname="NonOpsDev87" failures="0" tests="1" name="GTZTransportation.gtz.FreightPayment_GTZTest" time="17.733" errors="0" timestamp="2025-03-21T22:05:31 PKT" skipped="0">
  <testcase classname="GTZTransportation.gtz.FreightPayment_GTZTest" name="FreightPayment_GTZ_tests" time="17.733"/>
  <system-out/>
</testsuite> <!-- GTZTransportation.gtz.FreightPayment_GTZTest -->
