<?xml version="1.0" encoding="UTF-8"?>
<!-- Generated by org.testng.reporters.JUnitReportReporter -->
<testsuite hostname="NonOpsDev87" failures="0" tests="1" name="GTZTransportation.gtz.Report_SpotQuoteTest" time="30.810" errors="0" timestamp="2025-03-21T22:05:32 PKT" skipped="0">
  <testcase classname="GTZTransportation.gtz.Report_SpotQuoteTest" name="spotQuote_Reports_Tests" time="30.810"/>
  <system-out/>
</testsuite> <!-- GTZTransportation.gtz.Report_SpotQuoteTest -->
