<?xml version="1.0" encoding="UTF-8"?>
<!-- Generated by org.testng.reporters.JUnitReportReporter -->
<testsuite hostname="NonOpsDev87" failures="0" tests="1" name="GTZTransportation.gtz.KeyRevenue_InvoiceTest" time="22.187" errors="0" timestamp="2024-12-20T12:55:07 PKT" skipped="0">
  <testcase classname="GTZTransportation.gtz.KeyRevenue_InvoiceTest" name="KeyRevenue_Invoice_tests" time="22.187"/>
  <system-out/>
</testsuite> <!-- GTZTransportation.gtz.KeyRevenue_InvoiceTest -->
