<?xml version="1.0" encoding="UTF-8"?>
<!-- Generated by org.testng.reporters.JUnitReportReporter -->
<testsuite hostname="NonOpsDev87" failures="0" tests="1" name="GTZTransportation.gtz.LPS_Admin_AdhocChangePaymentTest" time="13.784" errors="0" timestamp="2024-10-21T18:49:06 PKT" skipped="0">
  <testcase classname="GTZTransportation.gtz.LPS_Admin_AdhocChangePaymentTest" name="LPS_Admin_Adhoc_ChangePayment_Tests" time="13.784"/>
  <system-out/>
</testsuite> <!-- GTZTransportation.gtz.LPS_Admin_AdhocChangePaymentTest -->
