<?xml version="1.0" encoding="UTF-8"?>
<!-- Generated by org.testng.reporters.JUnitReportReporter -->
<testsuite hostname="NonOpsDev87" failures="0" tests="1" name="GTZTransportation.gtz.LPS_Admin_AdhocChangePaymentTest" time="14.019" errors="0" timestamp="2025-04-03T03:25:09 PKT" skipped="0">
  <testcase classname="GTZTransportation.gtz.LPS_Admin_AdhocChangePaymentTest" name="LPS_Admin_Adhoc_ChangePayment_Tests" time="14.019"/>
  <system-out/>
</testsuite> <!-- GTZTransportation.gtz.LPS_Admin_AdhocChangePaymentTest -->
