<?xml version="1.0" encoding="UTF-8"?>
<!-- Generated by org.testng.reporters.JUnitReportReporter -->
<testsuite hostname="NonOpsDev87" failures="0" tests="1" name="GTZTransportation.gtz.FreightPayment_ShipmentLookUp_ReportTest" time="14.572" errors="0" timestamp="2025-03-21T22:05:31 PKT" skipped="0">
  <testcase classname="GTZTransportation.gtz.FreightPayment_ShipmentLookUp_ReportTest" name="FreightPayment_ShipmentLookUp_tests" time="14.572"/>
  <system-out/>
</testsuite> <!-- GTZTransportation.gtz.FreightPayment_ShipmentLookUp_ReportTest -->
