<?xml version="1.0" encoding="UTF-8"?>
<!-- Generated by org.testng.reporters.JUnitReportReporter -->
<testsuite hostname="NonOpsDev87" failures="0" tests="1" name="GTZTransportation.gtz.LPS_Resources_NewsTest" time="9.387" errors="0" timestamp="2024-04-30T23:11:22 PKT" skipped="0">
  <testcase classname="GTZTransportation.gtz.LPS_Resources_NewsTest" name="LPS_Resources_News_Tests" time="9.387"/>
  <system-out/>
</testsuite> <!-- GTZTransportation.gtz.LPS_Resources_NewsTest -->
