<?xml version="1.0" encoding="UTF-8"?>
<!-- Generated by org.testng.reporters.JUnitReportReporter -->
<testsuite hostname="NonOpsDev87" failures="0" tests="2" name="GTZTransportation.gtz.LPS_Admin_AdhocChangeCustomerTest" time="26.276" errors="0" timestamp="2025-01-07T00:48:59 PKT" skipped="1">
  <testcase classname="GTZTransportation.gtz.LPS_Admin_AdhocChangeCustomerTest" name="LPS_Admin_Adhoc_ChangeCustomer_Tests" time="12.926"/>
  <system-out/>
  <testcase classname="GTZTransportation.gtz.LPS_Admin_AdhocChangeCustomerTest" name="LPS_Admin_Adhoc_ChangeCustomer_Tests" time="13.350">
    <skipped/>
  </testcase> <!-- LPS_Admin_Adhoc_ChangeCustomer_Tests -->
  <system-out/>
</testsuite> <!-- GTZTransportation.gtz.LPS_Admin_AdhocChangeCustomerTest -->
