<?xml version="1.0" encoding="UTF-8"?>
<!-- Generated by org.testng.reporters.JUnitReportReporter -->
<testsuite hostname="NonOpsDev87" failures="0" tests="1" name="GTZTransportation.gtz.History_FindRatesTest" time="30.810" errors="0" timestamp="2024-10-21T18:37:53 PKT" skipped="0">
  <testcase classname="GTZTransportation.gtz.History_FindRatesTest" name="FindRates_History_Tests" time="30.810"/>
  <system-out/>
</testsuite> <!-- GTZTransportation.gtz.History_FindRatesTest -->
