<?xml version="1.0" encoding="UTF-8"?>
<!-- Generated by org.testng.reporters.JUnitReportReporter -->
<testsuite hostname="NonOpsDev87" failures="0" tests="2" name="GTZTransportation.gtz.LPS_QuickReportTest" time="111.504" errors="0" timestamp="2024-08-05T15:06:06 PKT" skipped="1">
  <testcase classname="GTZTransportation.gtz.LPS_QuickReportTest" name="LPS_QuickReport_Tests" time="80.486">
    <skipped/>
  </testcase> <!-- LPS_QuickReport_Tests -->
  <system-out/>
  <testcase classname="GTZTransportation.gtz.LPS_QuickReportTest" name="LPS_QuickReport_Tests" time="31.018"/>
  <system-out/>
</testsuite> <!-- GTZTransportation.gtz.LPS_QuickReportTest -->
