<?xml version="1.0" encoding="UTF-8"?>
<!-- Generated by org.testng.reporters.JUnitReportReporter -->
<testsuite hostname="NonOpsDev87" failures="0" tests="1" name="GTZTransportation.gtz.LPS_Admin_DataEntryExpressionTest" time="17.223" errors="0" timestamp="2024-10-21T18:49:06 PKT" skipped="0">
  <testcase classname="GTZTransportation.gtz.LPS_Admin_DataEntryExpressionTest" name="LPS_Admin_DataEntryExpressions_Tests" time="17.223"/>
  <system-out/>
</testsuite> <!-- GTZTransportation.gtz.LPS_Admin_DataEntryExpressionTest -->
