<?xml version="1.0" encoding="UTF-8"?>
<!-- Generated by org.testng.reporters.JUnitReportReporter -->
<testsuite hostname="NonOpsDev87" failures="0" tests="1" name="GTZTransportation.gtz.Load_Admin_SpotQuoteTest" time="13.636" errors="0" timestamp="2024-08-05T15:06:06 PKT" skipped="0">
  <testcase classname="GTZTransportation.gtz.Load_Admin_SpotQuoteTest" name="spotQuote_LoadServices_Admin_Tests" time="13.636"/>
  <system-out/>
</testsuite> <!-- GTZTransportation.gtz.Load_Admin_SpotQuoteTest -->
