<?xml version="1.0" encoding="UTF-8"?>
<!-- Generated by org.testng.reporters.JUnitReportReporter -->
<testsuite hostname="NonOpsDev87" failures="0" tests="1" name="GTZTransportation.gtz.History_FindRatesTest" time="20.527" errors="0" timestamp="2025-02-10T21:22:34 PKT" skipped="0">
  <testcase classname="GTZTransportation.gtz.History_FindRatesTest" name="FindRates_History_Tests" time="20.527"/>
  <system-out/>
</testsuite> <!-- GTZTransportation.gtz.History_FindRatesTest -->
