<?xml version="1.0" encoding="UTF-8"?>
<!-- Generated by org.testng.reporters.JUnitReportReporter -->
<testsuite hostname="NonOpsDev87" failures="0" tests="1" name="GTZTransportation.gtz.Dashboard_GenerateBOLTest" time="31.391" errors="0" timestamp="2025-04-21T20:20:00 PKT" skipped="0">
  <testcase classname="GTZTransportation.gtz.Dashboard_GenerateBOLTest" name="Dashboard_GenerateBOL_Test" time="31.391"/>
  <system-out/>
</testsuite> <!-- GTZTransportation.gtz.Dashboard_GenerateBOLTest -->
