<?xml version="1.0" encoding="UTF-8"?>
<!-- Generated by org.testng.reporters.JUnitReportReporter -->
<testsuite hostname="NonOpsDev87" failures="0" tests="1" name="GTZTransportation.gtz.FreightPayment_GTZ_Links_Test" time="16.197" errors="0" timestamp="2024-10-22T02:55:22 PKT" skipped="0">
  <testcase classname="GTZTransportation.gtz.FreightPayment_GTZ_Links_Test" name="FreightPayment_GTZ_Links_tests" time="16.197"/>
  <system-out/>
</testsuite> <!-- GTZTransportation.gtz.FreightPayment_GTZ_Links_Test -->
