<?xml version="1.0" encoding="UTF-8"?>
<!-- Generated by org.testng.reporters.JUnitReportReporter -->
<testsuite hostname="NonOpsDev87" failures="0" tests="1" name="GTZTransportation.gtz.VICS_VerifyBOLCreationTest" time="34.600" errors="0" timestamp="2024-07-18T22:54:09 PKT" skipped="0">
  <testcase classname="GTZTransportation.gtz.VICS_VerifyBOLCreationTest" name="VICS_BOLCreation_Tests" time="34.600"/>
  <system-out/>
</testsuite> <!-- GTZTransportation.gtz.VICS_VerifyBOLCreationTest -->
