<?xml version="1.0" encoding="UTF-8"?>
<!-- Generated by org.testng.reporters.JUnitReportReporter -->
<testsuite hostname="NonOpsDev87" failures="0" tests="1" name="GTZTransportation.gtz.LPS_Dashboard_DensityCalculatorTest" time="4.475" errors="0" timestamp="2025-02-26T04:04:14 PKT" skipped="0">
  <testcase classname="GTZTransportation.gtz.LPS_Dashboard_DensityCalculatorTest" name="LPS_Dashboard_DensityCalulator_Tests" time="4.475"/>
  <system-out/>
</testsuite> <!-- GTZTransportation.gtz.LPS_Dashboard_DensityCalculatorTest -->
