<?xml version="1.0" encoding="UTF-8"?>
<!-- Generated by org.testng.reporters.JUnitReportReporter -->
<testsuite hostname="NonOpsDev87" failures="0" tests="1" name="GTZTransportation.gtz.LPS_ProductCatalog_MyTeamTest" time="9.897" errors="0" timestamp="2024-04-24T20:32:55 PKT" skipped="0">
  <testcase classname="GTZTransportation.gtz.LPS_ProductCatalog_MyTeamTest" name="LPS_AccountManagement_Tests" time="9.897"/>
  <system-out/>
</testsuite> <!-- GTZTransportation.gtz.LPS_ProductCatalog_MyTeamTest -->
