<?xml version="1.0" encoding="UTF-8"?>
<!-- Generated by org.testng.reporters.JUnitReportReporter -->
<testsuite hostname="NonOpsDev87" failures="0" tests="1" name="GTZTransportation.gtz.ServiceType_Admin_SpotQuoteTest" time="12.689" errors="0" timestamp="2024-09-27T00:52:44 PKT" skipped="0">
  <testcase classname="GTZTransportation.gtz.ServiceType_Admin_SpotQuoteTest" name="spotQuote_ServiceTypes_Admin_Tests" time="12.689"/>
  <system-out/>
</testsuite> <!-- GTZTransportation.gtz.ServiceType_Admin_SpotQuoteTest -->
