<?xml version="1.0" encoding="UTF-8"?>
<!-- Generated by org.testng.reporters.JUnitReportReporter -->
<testsuite hostname="NonOpsDev87" failures="0" tests="1" name="GTZTransportation.gtz.KeyRevenue1_ReportsTest" time="25.390" errors="0" timestamp="2025-04-21T20:20:00 PKT" skipped="0">
  <testcase classname="GTZTransportation.gtz.KeyRevenue1_ReportsTest" name="KeyRevenue_Report1_tests" time="25.390"/>
  <system-out/>
</testsuite> <!-- GTZTransportation.gtz.KeyRevenue1_ReportsTest -->
