<?xml version="1.0" encoding="UTF-8"?>
<!-- Generated by org.testng.reporters.JUnitReportReporter -->
<testsuite hostname="NonOpsDev87" failures="0" tests="1" name="GTZTransportation.gtz.Create_V22_LPSDirectLoad_AwardTest" time="85.030" errors="0" timestamp="2025-04-03T03:25:09 PKT" skipped="0">
  <testcase classname="GTZTransportation.gtz.Create_V22_LPSDirectLoad_AwardTest" name="spotQuote_V22_LPSDirect_Tests" time="85.030"/>
  <system-out/>
</testsuite> <!-- GTZTransportation.gtz.Create_V22_LPSDirectLoad_AwardTest -->
