<?xml version="1.0" encoding="UTF-8"?>
<!-- Generated by org.testng.reporters.JUnitReportReporter -->
<testsuite hostname="NonOpsDev87" failures="0" tests="1" name="GTZTransportation.gtz.CreateBOL_FindRatesParcelTest" time="47.113" errors="0" timestamp="2024-11-11T19:44:15 PKT" skipped="0">
  <testcase classname="GTZTransportation.gtz.CreateBOL_FindRatesParcelTest" name="FindRatesParcel_BOL_Creation_Tests" time="47.113"/>
  <system-out/>
</testsuite> <!-- GTZTransportation.gtz.CreateBOL_FindRatesParcelTest -->
