<?xml version="1.0" encoding="UTF-8"?>
<!-- Generated by org.testng.reporters.JUnitReportReporter -->
<testsuite hostname="NonOpsDev87" failures="0" tests="1" name="GTZTransportation.gtz.FreightPayment_ShipmentLookUp_ReportTest" time="15.945" errors="0" timestamp="2025-01-28T21:03:34 PKT" skipped="0">
  <testcase classname="GTZTransportation.gtz.FreightPayment_ShipmentLookUp_ReportTest" name="FreightPayment_ShipmentLookUp_tests" time="15.945"/>
  <system-out/>
</testsuite> <!-- GTZTransportation.gtz.FreightPayment_ShipmentLookUp_ReportTest -->
