<?xml version="1.0" encoding="UTF-8"?>
<!-- Generated by org.testng.reporters.JUnitReportReporter -->
<testsuite hostname="NonOpsDev87" failures="0" tests="1" name="GTZTransportation.gtz.KeyRevenue1_ReportsTest" time="23.180" errors="0" timestamp="2024-10-22T02:55:22 PKT" skipped="0">
  <testcase classname="GTZTransportation.gtz.KeyRevenue1_ReportsTest" name="KeyRevenue_Report1_tests" time="23.180"/>
  <system-out/>
</testsuite> <!-- GTZTransportation.gtz.KeyRevenue1_ReportsTest -->
