<?xml version="1.0" encoding="UTF-8"?>
<!-- Generated by org.testng.reporters.JUnitReportReporter -->
<testsuite hostname="NonOpsDev87" failures="0" tests="1" name="GTZTransportation.gtz.LPS_Admin_AdhocTest" time="14.515" errors="0" timestamp="2024-05-16T22:26:53 PKT" skipped="0">
  <testcase classname="GTZTransportation.gtz.LPS_Admin_AdhocTest" name="LPS_Admin_Adhoc_Tests" time="14.515"/>
  <system-out/>
</testsuite> <!-- GTZTransportation.gtz.LPS_Admin_AdhocTest -->
