<?xml version="1.0" encoding="UTF-8"?>
<!-- Generated by org.testng.reporters.JUnitReportReporter -->
<testsuite hostname="NonOpsDev87" failures="0" tests="1" name="GTZTransportation.gtz.CopyLoad_SpotQuoteTest" time="56.064" errors="0" timestamp="2025-03-21T22:05:31 PKT" skipped="0">
  <testcase classname="GTZTransportation.gtz.CopyLoad_SpotQuoteTest" name="spotQuote_CopyLoad_Tests" time="56.064"/>
  <system-out/>
</testsuite> <!-- GTZTransportation.gtz.CopyLoad_SpotQuoteTest -->
