<?xml version="1.0" encoding="UTF-8"?>
<!-- Generated by org.testng.reporters.JUnitReportReporter -->
<testsuite hostname="NonOpsDev87" failures="0" tests="1" name="GTZTransportation.gtz.KeyRevenue_CustomerTest" time="20.684" errors="0" timestamp="2024-07-26T13:01:45 PKT" skipped="0">
  <testcase classname="GTZTransportation.gtz.KeyRevenue_CustomerTest" name="KeyRevenue_Customer_tests" time="20.684"/>
  <system-out/>
</testsuite> <!-- GTZTransportation.gtz.KeyRevenue_CustomerTest -->
