<?xml version="1.0" encoding="UTF-8"?>
<!-- Generated by org.testng.reporters.JUnitReportReporter -->
<testsuite hostname="NonOpsDev87" failures="0" tests="1" name="GTZTransportation.gtz.LPSCustomer_Carrier_CarrierListTest" time="28.085" errors="0" timestamp="2025-01-28T21:03:34 PKT" skipped="0">
  <testcase classname="GTZTransportation.gtz.LPSCustomer_Carrier_CarrierListTest" name="CustomerCarriers_CarrierList_tests" time="28.085"/>
  <system-out/>
</testsuite> <!-- GTZTransportation.gtz.LPSCustomer_Carrier_CarrierListTest -->
