<?xml version="1.0" encoding="UTF-8"?>
<!-- Generated by org.testng.reporters.JUnitReportReporter -->
<testsuite hostname="NonOpsDev87" failures="0" tests="1" name="GTZTransportation.gtz.LPS_MyShipmentsTest" time="39.237" errors="0" timestamp="2024-04-30T23:11:22 PKT" skipped="0">
  <testcase classname="GTZTransportation.gtz.LPS_MyShipmentsTest" name="LPS_MyshipmentsTest" time="39.237"/>
  <system-out/>
</testsuite> <!-- GTZTransportation.gtz.LPS_MyShipmentsTest -->
