<?xml version="1.0" encoding="UTF-8"?>
<!-- Generated by org.testng.reporters.JUnitReportReporter -->
<testsuite hostname="NonOpsDev87" failures="0" tests="1" name="GTZTransportation.gtz.Requirment_Admin_SpotQuoteTest" time="13.431" errors="0" timestamp="2024-10-22T02:55:22 PKT" skipped="0">
  <testcase classname="GTZTransportation.gtz.Requirment_Admin_SpotQuoteTest" name="spotQuote_Requirment_Admin_Tests" time="13.431"/>
  <system-out/>
</testsuite> <!-- GTZTransportation.gtz.Requirment_Admin_SpotQuoteTest -->
