<?xml version="1.0" encoding="UTF-8"?>
<!-- Generated by org.testng.reporters.JUnitReportReporter -->
<testsuite hostname="NonOpsDev87" failures="0" tests="1" name="GTZTransportation.gtz.CreateLPSDirectMassLoad_AwardTest" time="29.555" errors="0" timestamp="2025-01-28T21:03:34 PKT" skipped="0">
  <testcase classname="GTZTransportation.gtz.CreateLPSDirectMassLoad_AwardTest" name="spotQuote_LPSDirect_Tests" time="29.555"/>
  <system-out/>
</testsuite> <!-- GTZTransportation.gtz.CreateLPSDirectMassLoad_AwardTest -->
