<?xml version="1.0" encoding="UTF-8"?>
<!-- Generated by org.testng.reporters.JUnitReportReporter -->
<testsuite hostname="NonOpsDev87" failures="0" tests="1" name="GTZTransportation.gtz.LPS_AccountManager_ActionBillingTest" time="26.883" errors="0" timestamp="2025-01-28T21:03:34 PKT" skipped="0">
  <testcase classname="GTZTransportation.gtz.LPS_AccountManager_ActionBillingTest" name="LPS_AccountManagement_Tests" time="26.883"/>
  <system-out/>
</testsuite> <!-- GTZTransportation.gtz.LPS_AccountManager_ActionBillingTest -->
