<?xml version="1.0" encoding="UTF-8"?>
<!-- Generated by org.testng.reporters.JUnitReportReporter -->
<testsuite hostname="NonOpsDev87" failures="0" tests="1" name="GTZTransportation.gtz.FreightPayment_Reports1Test" time="46.567" errors="0" timestamp="2024-12-20T10:23:13 PKT" skipped="0">
  <testcase classname="GTZTransportation.gtz.FreightPayment_Reports1Test" name="FreightPayment_Report1_tests" time="46.567"/>
  <system-out/>
</testsuite> <!-- GTZTransportation.gtz.FreightPayment_Reports1Test -->
