<?xml version="1.0" encoding="UTF-8"?>
<!-- Generated by org.testng.reporters.JUnitReportReporter -->
<testsuite hostname="NonOpsDev87" failures="0" tests="1" name="GTZTransportation.gtz.LPS_Admin_AdhocChangeCustomerTest" time="13.275" errors="0" timestamp="2024-07-26T13:01:45 PKT" skipped="0">
  <testcase classname="GTZTransportation.gtz.LPS_Admin_AdhocChangeCustomerTest" name="LPS_Admin_Adhoc_ChangeCustomer_Tests" time="13.275"/>
  <system-out/>
</testsuite> <!-- GTZTransportation.gtz.LPS_Admin_AdhocChangeCustomerTest -->
