<?xml version="1.0" encoding="UTF-8"?>
<!-- Generated by org.testng.reporters.JUnitReportReporter -->
<testsuite hostname="NonOpsDev87" failures="0" tests="1" name="GTZTransportation.gtz.CreateLPSDirectMassLoad_AwardTest" time="28.763" errors="0" timestamp="2024-05-17T02:05:16 PKT" skipped="0">
  <testcase classname="GTZTransportation.gtz.CreateLPSDirectMassLoad_AwardTest" name="spotQuote_LPSDirect_Tests" time="28.763"/>
  <system-out/>
</testsuite> <!-- GTZTransportation.gtz.CreateLPSDirectMassLoad_AwardTest -->
