<?xml version="1.0" encoding="UTF-8"?>
<!-- Generated by org.testng.reporters.JUnitReportReporter -->
<testsuite hostname="NonOpsDev87" failures="0" tests="1" name="GTZTransportation.gtz.LoadFlow_SpotQuote_Ericsson_Radiant_GlobalTest" time="110.148" errors="0" timestamp="2024-07-31T22:19:23 PKT" skipped="0">
  <testcase classname="GTZTransportation.gtz.LoadFlow_SpotQuote_Ericsson_Radiant_GlobalTest" name="spotQuote_Ericson_PETA_DETA_Tests" time="110.148"/>
  <system-out/>
</testsuite> <!-- GTZTransportation.gtz.LoadFlow_SpotQuote_Ericsson_Radiant_GlobalTest -->
