<?xml version="1.0" encoding="UTF-8"?>
<!-- Generated by org.testng.reporters.JUnitReportReporter -->
<testsuite hostname="NonOpsDev87" failures="0" tests="1" name="GTZTransportation.gtz.LPS_ProductCatalog_MyTeamTest" time="9.790" errors="0" timestamp="2025-02-10T21:22:34 PKT" skipped="0">
  <testcase classname="GTZTransportation.gtz.LPS_ProductCatalog_MyTeamTest" name="LPS_AccountManagement_Tests" time="9.790"/>
  <system-out/>
</testsuite> <!-- GTZTransportation.gtz.LPS_ProductCatalog_MyTeamTest -->
