<?xml version="1.0" encoding="UTF-8"?>
<!-- Generated by org.testng.reporters.JUnitReportReporter -->
<testsuite hostname="NonOpsDev87" failures="0" tests="2" name="GTZTransportation.gtz.LPS_QuickReportTest" time="121.258" errors="0" timestamp="2025-04-21T20:20:00 PKT" skipped="1">
  <testcase classname="GTZTransportation.gtz.LPS_QuickReportTest" name="LPS_QuickReport_Tests" time="29.567"/>
  <system-out/>
  <testcase classname="GTZTransportation.gtz.LPS_QuickReportTest" name="LPS_QuickReport_Tests" time="91.691">
    <skipped/>
  </testcase> <!-- LPS_QuickReport_Tests -->
  <system-out/>
</testsuite> <!-- GTZTransportation.gtz.LPS_QuickReportTest -->
