<?xml version="1.0" encoding="UTF-8"?>
<!-- Generated by org.testng.reporters.JUnitReportReporter -->
<testsuite hostname="NonOpsDev87" failures="0" tests="1" name="GTZTransportation.gtz.LoadFlow_Invoice_SpotQuoteTest" time="147.606" errors="0" timestamp="2025-02-19T22:00:16 PKT" skipped="0">
  <testcase classname="GTZTransportation.gtz.LoadFlow_Invoice_SpotQuoteTest" name="spotQuote_Complete_Load_Invoice_Flow_Tests" time="147.606"/>
  <system-out/>
</testsuite> <!-- GTZTransportation.gtz.LoadFlow_Invoice_SpotQuoteTest -->
