<?xml version="1.0" encoding="UTF-8"?>
<!-- Generated by org.testng.reporters.JUnitReportReporter -->
<testsuite hostname="NonOpsDev87" failures="0" tests="1" name="GTZTransportation.gtz.FindRates_CopyLoadTest" time="55.908" errors="0" timestamp="2025-01-22T02:12:12 PKT" skipped="0">
  <testcase classname="GTZTransportation.gtz.FindRates_CopyLoadTest" name="FindRates_CopyLoad_Tests" time="55.908"/>
  <system-out/>
</testsuite> <!-- GTZTransportation.gtz.FindRates_CopyLoadTest -->
