<?xml version="1.0" encoding="UTF-8"?>
<!-- Generated by org.testng.reporters.JUnitReportReporter -->
<testsuite hostname="NonOpsDev87" failures="0" tests="1" name="GTZTransportation.gtz.LoadBoard_SpotQuoteTest" time="56.862" errors="0" timestamp="2024-09-27T00:52:44 PKT" skipped="0">
  <testcase classname="GTZTransportation.gtz.LoadBoard_SpotQuoteTest" name="spotQuote_LoadBoard_Search_Tests" time="56.862"/>
  <system-out/>
</testsuite> <!-- GTZTransportation.gtz.LoadBoard_SpotQuoteTest -->
