<?xml version="1.0" encoding="UTF-8"?>
<!-- Generated by org.testng.reporters.JUnitReportReporter -->
<testsuite hostname="NonOpsDev87" failures="0" tests="2" name="GTZTransportation.gtz.LPS_Admin_AdhocChangeCustomerTest" time="26.032" errors="0" timestamp="2024-11-06T18:44:50 PKT" skipped="1">
  <testcase classname="GTZTransportation.gtz.LPS_Admin_AdhocChangeCustomerTest" name="LPS_Admin_Adhoc_ChangeCustomer_Tests" time="12.902"/>
  <system-out/>
  <testcase classname="GTZTransportation.gtz.LPS_Admin_AdhocChangeCustomerTest" name="LPS_Admin_Adhoc_ChangeCustomer_Tests" time="13.130">
    <skipped/>
  </testcase> <!-- LPS_Admin_Adhoc_ChangeCustomer_Tests -->
  <system-out/>
</testsuite> <!-- GTZTransportation.gtz.LPS_Admin_AdhocChangeCustomerTest -->
