<?xml version="1.0" encoding="UTF-8"?>
<!-- Generated by org.testng.reporters.JUnitReportReporter -->
<testsuite hostname="NonOpsDev87" failures="0" tests="1" name="GTZTransportation.gtz.Customer_Admin_SpotQuoteTest" time="13.444" errors="0" timestamp="2025-04-03T03:25:09 PKT" skipped="0">
  <testcase classname="GTZTransportation.gtz.Customer_Admin_SpotQuoteTest" name="spotQuote_Customers_Admin_Tests" time="13.444"/>
  <system-out/>
</testsuite> <!-- GTZTransportation.gtz.Customer_Admin_SpotQuoteTest -->
