<?xml version="1.0" encoding="UTF-8"?>
<!-- Generated by org.testng.reporters.JUnitReportReporter -->
<testsuite hostname="NonOpsDev87" failures="0" tests="1" name="GTZTransportation.gtz.Customer_Admin_SpotQuoteTest" time="15.229" errors="0" timestamp="2024-10-18T06:45:40 PKT" skipped="0">
  <testcase classname="GTZTransportation.gtz.Customer_Admin_SpotQuoteTest" name="spotQuote_Customers_Admin_Tests" time="15.229"/>
  <system-out/>
</testsuite> <!-- GTZTransportation.gtz.Customer_Admin_SpotQuoteTest -->
