<?xml version="1.0" encoding="UTF-8"?>
<!-- Generated by org.testng.reporters.JUnitReportReporter -->
<testsuite hostname="NonOpsDev87" failures="0" tests="1" name="GTZTransportation.gtz.FindRates_CopyLoadTest" time="56.281" errors="0" timestamp="2025-02-19T22:00:16 PKT" skipped="0">
  <testcase classname="GTZTransportation.gtz.FindRates_CopyLoadTest" name="FindRates_CopyLoad_Tests" time="56.281"/>
  <system-out/>
</testsuite> <!-- GTZTransportation.gtz.FindRates_CopyLoadTest -->
