<?xml version="1.0" encoding="UTF-8"?>
<!-- Generated by org.testng.reporters.JUnitReportReporter -->
<testsuite hostname="NonOpsDev87" failures="0" tests="1" name="GTZTransportation.gtz.FindRates_InternationalTest" time="19.571" errors="0" timestamp="2025-05-02T16:55:33 PKT" skipped="0">
  <testcase classname="GTZTransportation.gtz.FindRates_InternationalTest" name="FindRates_InternaltionaRateEstimator_Tests" time="19.571"/>
  <system-out/>
</testsuite> <!-- GTZTransportation.gtz.FindRates_InternationalTest -->
