<?xml version="1.0" encoding="UTF-8"?>
<!-- Generated by org.testng.reporters.JUnitReportReporter -->
<testsuite hostname="NonOpsDev87" failures="0" tests="1" name="GTZTransportation.gtz.LPS_AccountManager_ActionBillingTest" time="29.926" errors="0" timestamp="2024-12-20T10:23:12 PKT" skipped="0">
  <testcase classname="GTZTransportation.gtz.LPS_AccountManager_ActionBillingTest" name="LPS_AccountManagement_Tests" time="29.926"/>
  <system-out/>
</testsuite> <!-- GTZTransportation.gtz.LPS_AccountManager_ActionBillingTest -->
