<?xml version="1.0" encoding="UTF-8"?>
<!-- Generated by org.testng.reporters.JUnitReportReporter -->
<testsuite hostname="NonOpsDev87" failures="0" tests="1" name="GTZTransportation.gtz.FindRatesCarriersTest" time="33.480" errors="0" timestamp="2024-05-14T22:15:14 PKT" skipped="0">
  <testcase classname="GTZTransportation.gtz.FindRatesCarriersTest" name="FindRates_Carriers_Tests" time="33.480"/>
  <system-out/>
</testsuite> <!-- GTZTransportation.gtz.FindRatesCarriersTest -->
