<?xml version="1.0" encoding="UTF-8"?>
<!-- Generated by org.testng.reporters.JUnitReportReporter -->
<testsuite hostname="NonOpsDev87" failures="0" tests="1" name="GTZTransportation.gtz.FindRates_CopyLoadTest" time="44.184" errors="0" timestamp="2025-04-03T03:25:09 PKT" skipped="0">
  <testcase classname="GTZTransportation.gtz.FindRates_CopyLoadTest" name="FindRates_CopyLoad_Tests" time="44.184"/>
  <system-out/>
</testsuite> <!-- GTZTransportation.gtz.FindRates_CopyLoadTest -->
