<?xml version="1.0" encoding="UTF-8"?>
<!-- Generated by org.testng.reporters.JUnitReportReporter -->
<testsuite hostname="NonOpsDev87" failures="0" tests="1" name="GTZTransportation.gtz.Report_SpotQuoteTest" time="43.806" errors="0" timestamp="2024-10-18T06:45:40 PKT" skipped="0">
  <testcase classname="GTZTransportation.gtz.Report_SpotQuoteTest" name="spotQuote_Reports_Tests" time="43.806"/>
  <system-out/>
</testsuite> <!-- GTZTransportation.gtz.Report_SpotQuoteTest -->
