<?xml version="1.0" encoding="UTF-8"?>
<!-- Generated by org.testng.reporters.JUnitReportReporter -->
<testsuite hostname="NonOpsDev87" failures="0" tests="1" name="GTZTransportation.gtz.KeyRevenue_ReportsTest" time="155.125" errors="0" timestamp="2025-01-22T19:35:02 PKT" skipped="0">
  <testcase classname="GTZTransportation.gtz.KeyRevenue_ReportsTest" name="KeyRevenue_Report_tests" time="155.125"/>
  <system-out/>
</testsuite> <!-- GTZTransportation.gtz.KeyRevenue_ReportsTest -->
