<?xml version="1.0" encoding="UTF-8"?>
<!-- Generated by org.testng.reporters.JUnitReportReporter -->
<testsuite hostname="NonOpsDev87" failures="0" tests="1" name="GTZTransportation.gtz.LPS_Dashboard_LoadSummaryReportsTest" time="4.478" errors="0" timestamp="2025-02-10T21:22:34 PKT" skipped="0">
  <testcase classname="GTZTransportation.gtz.LPS_Dashboard_LoadSummaryReportsTest" name="LPS_Dashboard_LoadSummaryReports_Tests" time="4.478"/>
  <system-out/>
</testsuite> <!-- GTZTransportation.gtz.LPS_Dashboard_LoadSummaryReportsTest -->
