<?xml version="1.0" encoding="UTF-8"?>
<!-- Generated by org.testng.reporters.JUnitReportReporter -->
<testsuite hostname="NonOpsDev87" failures="0" tests="1" name="GTZTransportation.gtz.CreateLPSDirectLoad_AwardTest" time="70.709" errors="0" timestamp="2024-08-05T15:06:06 PKT" skipped="0">
  <testcase classname="GTZTransportation.gtz.CreateLPSDirectLoad_AwardTest" name="spotQuote_LPSDirect_Tests" time="70.709"/>
  <system-out/>
</testsuite> <!-- GTZTransportation.gtz.CreateLPSDirectLoad_AwardTest -->
