<?xml version="1.0" encoding="UTF-8"?>
<!-- Generated by org.testng.reporters.JUnitReportReporter -->
<testsuite hostname="NonOpsDev87" failures="0" tests="1" name="GTZTransportation.gtz.LPS_AccountManager_ActionBillingTest" time="28.067" errors="0" timestamp="2024-05-14T22:15:14 PKT" skipped="0">
  <testcase classname="GTZTransportation.gtz.LPS_AccountManager_ActionBillingTest" name="LPS_AccountManagement_Tests" time="28.067"/>
  <system-out/>
</testsuite> <!-- GTZTransportation.gtz.LPS_AccountManager_ActionBillingTest -->
