<?xml version="1.0" encoding="UTF-8"?>
<!-- Generated by org.testng.reporters.JUnitReportReporter -->
<testsuite hostname="NonOpsDev87" failures="0" tests="1" name="GTZTransportation.gtz.FindRates_CancelLoadTest" time="12.506" errors="0" timestamp="2025-03-21T22:05:31 PKT" skipped="0">
  <testcase classname="GTZTransportation.gtz.FindRates_CancelLoadTest" name="FindRates_CancelLoad_Tests" time="12.506"/>
  <system-out/>
</testsuite> <!-- GTZTransportation.gtz.FindRates_CancelLoadTest -->
