<?xml version="1.0" encoding="UTF-8"?>
<!-- Generated by org.testng.reporters.JUnitReportReporter -->
<testsuite hostname="NonOpsDev87" failures="0" tests="1" name="GTZTransportation.gtz.LPS_Admin_AssetUploadTest" time="9.632" errors="0" timestamp="2025-02-19T22:00:16 PKT" skipped="0">
  <testcase classname="GTZTransportation.gtz.LPS_Admin_AssetUploadTest" name="LPS_Admin_AssetUpload_Tests" time="9.632"/>
  <system-out/>
</testsuite> <!-- GTZTransportation.gtz.LPS_Admin_AssetUploadTest -->
