<?xml version="1.0" encoding="UTF-8"?>
<!-- Generated by org.testng.reporters.JUnitReportReporter -->
<testsuite hostname="NonOpsDev87" failures="0" tests="1" name="GTZTransportation.gtz.LPS_Admin_Adhoc_AddBatch_Test" time="13.671" errors="0" timestamp="2025-02-25T20:46:54 PKT" skipped="0">
  <testcase classname="GTZTransportation.gtz.LPS_Admin_Adhoc_AddBatch_Test" name="LPS_Admin_Adhoc_AddBatch_Tests" time="13.671"/>
  <system-out/>
</testsuite> <!-- GTZTransportation.gtz.LPS_Admin_Adhoc_AddBatch_Test -->
