<?xml version="1.0" encoding="UTF-8"?>
<!-- Generated by org.testng.reporters.JUnitReportReporter -->
<testsuite hostname="NonOpsDev87" failures="0" tests="1" name="GTZTransportation.gtz.CreateLPSDirectLoad_AwardTest" time="73.085" errors="0" timestamp="2025-02-25T20:46:54 PKT" skipped="0">
  <testcase classname="GTZTransportation.gtz.CreateLPSDirectLoad_AwardTest" name="spotQuote_LPSDirect_Tests" time="73.085"/>
  <system-out/>
</testsuite> <!-- GTZTransportation.gtz.CreateLPSDirectLoad_AwardTest -->
