<?xml version="1.0" encoding="UTF-8"?>
<!-- Generated by org.testng.reporters.JUnitReportReporter -->
<testsuite hostname="NonOpsDev87" failures="0" tests="2" name="GTZTransportation.gtz.LPS_QuickReportTest" time="109.759" errors="0" timestamp="2025-01-28T21:03:34 PKT" skipped="1">
  <testcase classname="GTZTransportation.gtz.LPS_QuickReportTest" name="LPS_QuickReport_Tests" time="29.240"/>
  <system-out/>
  <testcase classname="GTZTransportation.gtz.LPS_QuickReportTest" name="LPS_QuickReport_Tests" time="80.519">
    <skipped/>
  </testcase> <!-- LPS_QuickReport_Tests -->
  <system-out/>
</testsuite> <!-- GTZTransportation.gtz.LPS_QuickReportTest -->
