<?xml version="1.0" encoding="UTF-8"?>
<!-- Generated by org.testng.reporters.JUnitReportReporter -->
<testsuite hostname="NonOpsDev87" failures="0" tests="1" name="GTZTransportation.gtz.EmailTemplate_Admin_SpotQuoteTest" time="17.887" errors="0" timestamp="2024-11-22T05:36:14 PKT" skipped="0">
  <testcase classname="GTZTransportation.gtz.EmailTemplate_Admin_SpotQuoteTest" name="spotQuote_EmailTemplate_Admin_Tests" time="17.887"/>
  <system-out/>
</testsuite> <!-- GTZTransportation.gtz.EmailTemplate_Admin_SpotQuoteTest -->
