<?xml version="1.0" encoding="UTF-8"?>
<!-- Generated by org.testng.reporters.JUnitReportReporter -->
<testsuite hostname="NonOpsDev87" failures="0" tests="1" name="GTZTransportation.gtz.KeyRevenue_AdminTest" time="41.912" errors="0" timestamp="2025-03-21T22:05:32 PKT" skipped="0">
  <testcase classname="GTZTransportation.gtz.KeyRevenue_AdminTest" name="KeyRevenue_Admin_tests" time="41.912"/>
  <system-out/>
</testsuite> <!-- GTZTransportation.gtz.KeyRevenue_AdminTest -->
