<?xml version="1.0" encoding="UTF-8"?>
<!-- Generated by org.testng.reporters.JUnitReportReporter -->
<testsuite hostname="NonOpsDev87" failures="0" tests="1" name="GTZTransportation.gtz.LoadHistory_SpotQuoteTest" time="53.866" errors="0" timestamp="2024-09-27T00:52:44 PKT" skipped="0">
  <testcase classname="GTZTransportation.gtz.LoadHistory_SpotQuoteTest" name="spotQuote_LoadHistory_Tests" time="53.866"/>
  <system-out/>
</testsuite> <!-- GTZTransportation.gtz.LoadHistory_SpotQuoteTest -->
