<?xml version="1.0" encoding="UTF-8"?>
<!-- Generated by org.testng.reporters.JUnitReportReporter -->
<testsuite hostname="NonOpsDev87" failures="0" tests="1" name="GTZTransportation.gtz.Dashboard_AuditDashboardTest" time="2.463" errors="0" timestamp="2025-04-21T20:20:00 PKT" skipped="0">
  <testcase classname="GTZTransportation.gtz.Dashboard_AuditDashboardTest" name="Dashboard_AuditDashboard_Test" time="2.463"/>
  <system-out/>
</testsuite> <!-- GTZTransportation.gtz.Dashboard_AuditDashboardTest -->
