<?xml version="1.0" encoding="UTF-8"?>
<!-- Generated by org.testng.reporters.JUnitReportReporter -->
<testsuite hostname="NonOpsDev87" failures="0" tests="1" name="GTZTransportation.gtz.LPS_Admin_DataEntryExpressionTest" time="18.084" errors="0" timestamp="2025-01-28T21:03:33 PKT" skipped="0">
  <testcase classname="GTZTransportation.gtz.LPS_Admin_DataEntryExpressionTest" name="LPS_Admin_DataEntryExpressions_Tests" time="18.084"/>
  <system-out/>
</testsuite> <!-- GTZTransportation.gtz.LPS_Admin_DataEntryExpressionTest -->
