<?xml version="1.0" encoding="UTF-8"?>
<!-- Generated by org.testng.reporters.JUnitReportReporter -->
<testsuite hostname="NonOpsDev87" failures="0" tests="1" name="GTZTransportation.gtz.CreateMassLoad_AwardTest" time="24.534" errors="0" timestamp="2024-07-26T13:01:45 PKT" skipped="0">
  <testcase classname="GTZTransportation.gtz.CreateMassLoad_AwardTest" name="spotQuote_MassLoad_Tests" time="24.534"/>
  <system-out/>
</testsuite> <!-- GTZTransportation.gtz.CreateMassLoad_AwardTest -->
