<?xml version="1.0" encoding="UTF-8"?>
<!-- Generated by org.testng.reporters.JUnitReportReporter -->
<testsuite hostname="NonOpsDev87" failures="0" tests="1" name="GTZTransportation.gtz.KSXAdmin_ManageShipmentTest" time="18.162" errors="0" timestamp="2024-12-20T12:46:19 PKT" skipped="0">
  <testcase classname="GTZTransportation.gtz.KSXAdmin_ManageShipmentTest" name="KSXAdmin_ManageShipment_Tests" time="18.162"/>
  <system-out/>
</testsuite> <!-- GTZTransportation.gtz.KSXAdmin_ManageShipmentTest -->
