<?xml version="1.0" encoding="UTF-8"?>
<!-- Generated by org.testng.reporters.JUnitReportReporter -->
<testsuite hostname="NonOpsDev87" failures="0" tests="1" name="GTZTransportation.gtz.LPS_Admin_Adhoc_AddBatch_Test" time="13.259" errors="0" timestamp="2024-12-20T10:23:12 PKT" skipped="0">
  <testcase classname="GTZTransportation.gtz.LPS_Admin_Adhoc_AddBatch_Test" name="LPS_Admin_Adhoc_AddBatch_Tests" time="13.259"/>
  <system-out/>
</testsuite> <!-- GTZTransportation.gtz.LPS_Admin_Adhoc_AddBatch_Test -->
