<?xml version="1.0" encoding="UTF-8"?>
<!-- Generated by org.testng.reporters.JUnitReportReporter -->
<testsuite hostname="NonOpsDev87" failures="0" tests="1" name="GTZTransportation.gtz.Expressions_Admin_SpotQuoteTest" time="11.526" errors="0" timestamp="2025-02-10T21:22:34 PKT" skipped="0">
  <testcase classname="GTZTransportation.gtz.Expressions_Admin_SpotQuoteTest" name="spotQuote_Expressions_Admin_Tests" time="11.526"/>
  <system-out/>
</testsuite> <!-- GTZTransportation.gtz.Expressions_Admin_SpotQuoteTest -->
