<?xml version="1.0" encoding="UTF-8"?>
<!-- Generated by org.testng.reporters.JUnitReportReporter -->
<testsuite hostname="NonOpsDev87" failures="0" tests="1" name="GTZTransportation.gtz.Orders_PO_SpotQuoteTest" time="25.372" errors="0" timestamp="2024-12-20T10:23:12 PKT" skipped="0">
  <testcase classname="GTZTransportation.gtz.Orders_PO_SpotQuoteTest" name="spotQuote_POCreation_Orders_Tests" time="25.372"/>
  <system-out/>
</testsuite> <!-- GTZTransportation.gtz.Orders_PO_SpotQuoteTest -->
