<?xml version="1.0" encoding="UTF-8"?>
<!-- Generated by org.testng.reporters.JUnitReportReporter -->
<testsuite hostname="NonOpsDev87" failures="0" tests="1" name="GTZTransportation.gtz.CreateLPSDirectLoad_AwardTest" time="76.856" errors="0" timestamp="2025-05-15T18:09:07 PKT" skipped="0">
  <testcase classname="GTZTransportation.gtz.CreateLPSDirectLoad_AwardTest" name="spotQuote_LPSDirect_Tests" time="76.856"/>
  <system-out/>
</testsuite> <!-- GTZTransportation.gtz.CreateLPSDirectLoad_AwardTest -->
