<?xml version="1.0" encoding="UTF-8"?>
<!-- Generated by org.testng.reporters.JUnitReportReporter -->
<testsuite hostname="NonOpsDev87" failures="0" tests="1" name="GTZTransportation.gtz.KSXAdmin_ManageSalesReptTest" time="6.104" errors="0" timestamp="2024-04-07T13:47:43 PKT" skipped="0">
  <testcase classname="GTZTransportation.gtz.KSXAdmin_ManageSalesReptTest" name="KSXAdmin_ManageSalesRep_Tests" time="6.104"/>
  <system-out/>
</testsuite> <!-- GTZTransportation.gtz.KSXAdmin_ManageSalesReptTest -->
