<?xml version="1.0" encoding="UTF-8"?>
<!-- Generated by org.testng.reporters.JUnitReportReporter -->
<testsuite hostname="NonOpsDev87" failures="0" tests="1" name="GTZTransportation.gtz.LoadBoard_OpenLoads_SpotQuoteTest" time="19.101" errors="0" timestamp="2024-11-06T18:44:50 PKT" skipped="0">
  <testcase classname="GTZTransportation.gtz.LoadBoard_OpenLoads_SpotQuoteTest" name="spotQuote_LoadBoard_OpenLoads_Tests" time="19.101"/>
  <system-out/>
</testsuite> <!-- GTZTransportation.gtz.LoadBoard_OpenLoads_SpotQuoteTest -->
