<?xml version="1.0" encoding="UTF-8"?>
<!-- Generated by org.testng.reporters.JUnitReportReporter -->
<testsuite hostname="NonOpsDev87" failures="0" tests="1" name="GTZTransportation.gtz.Orders_PO_SpotQuoteTest" time="27.713" errors="0" timestamp="2025-01-22T02:12:12 PKT" skipped="0">
  <testcase classname="GTZTransportation.gtz.Orders_PO_SpotQuoteTest" name="spotQuote_POCreation_Orders_Tests" time="27.713"/>
  <system-out/>
</testsuite> <!-- GTZTransportation.gtz.Orders_PO_SpotQuoteTest -->
