<?xml version="1.0" encoding="UTF-8"?>
<!-- Generated by org.testng.reporters.JUnitReportReporter -->
<testsuite hostname="NonOpsDev87" failures="0" tests="1" name="GTZTransportation.gtz.LPS_Dashboard_GlossaryTest" time="19.570" errors="0" timestamp="2025-03-03T19:12:34 PKT" skipped="0">
  <testcase classname="GTZTransportation.gtz.LPS_Dashboard_GlossaryTest" name="LPS_Dashboard_Glossary_Tests" time="19.570"/>
  <system-out/>
</testsuite> <!-- GTZTransportation.gtz.LPS_Dashboard_GlossaryTest -->
