<?xml version="1.0" encoding="UTF-8"?>
<!-- Generated by org.testng.reporters.JUnitReportReporter -->
<testsuite hostname="NonOpsDev87" failures="0" tests="1" name="GTZTransportation.gtz.Load_Admin_SpotQuoteTest" time="11.953" errors="0" timestamp="2025-02-19T22:00:16 PKT" skipped="0">
  <testcase classname="GTZTransportation.gtz.Load_Admin_SpotQuoteTest" name="spotQuote_LoadServices_Admin_Tests" time="11.953"/>
  <system-out/>
</testsuite> <!-- GTZTransportation.gtz.Load_Admin_SpotQuoteTest -->
