<?xml version="1.0" encoding="UTF-8"?>
<!-- Generated by org.testng.reporters.JUnitReportReporter -->
<testsuite hostname="NonOpsDev87" failures="0" tests="1" name="GTZTransportation.gtz.Transport_Admin_SpotQuoteTest" time="14.300" errors="0" timestamp="2025-02-26T04:04:14 PKT" skipped="0">
  <testcase classname="GTZTransportation.gtz.Transport_Admin_SpotQuoteTest" name="spotQuote_Transport_Admin_Tests" time="14.300"/>
  <system-out/>
</testsuite> <!-- GTZTransportation.gtz.Transport_Admin_SpotQuoteTest -->
