<?xml version="1.0" encoding="UTF-8"?>
<!-- Generated by org.testng.reporters.JUnitReportReporter -->
<testsuite hostname="NonOpsDev87" failures="0" tests="1" name="GTZTransportation.gtz.Create_V22_LPSDirectLoad_AwardTest" time="88.234" errors="0" timestamp="2024-11-06T18:44:50 PKT" skipped="0">
  <testcase classname="GTZTransportation.gtz.Create_V22_LPSDirectLoad_AwardTest" name="spotQuote_V22_LPSDirect_Tests" time="88.234"/>
  <system-out/>
</testsuite> <!-- GTZTransportation.gtz.Create_V22_LPSDirectLoad_AwardTest -->
