<?xml version="1.0" encoding="UTF-8"?>
<!-- Generated by org.testng.reporters.JUnitReportReporter -->
<testsuite hostname="NonOpsDev87" failures="0" tests="1" name="GTZTransportation.gtz.FindRatesCarriersTest" time="33.517" errors="0" timestamp="2025-01-22T02:12:12 PKT" skipped="0">
  <testcase classname="GTZTransportation.gtz.FindRatesCarriersTest" name="FindRates_Carriers_Tests" time="33.517"/>
  <system-out/>
</testsuite> <!-- GTZTransportation.gtz.FindRatesCarriersTest -->
