<?xml version="1.0" encoding="UTF-8"?>
<!-- Generated by org.testng.reporters.JUnitReportReporter -->
<testsuite hostname="NonOpsDev87" failures="0" tests="1" name="GTZTransportation.gtz.KSXAdmin_ManageSalesReptTest" time="5.913" errors="0" timestamp="2025-02-05T04:32:04 PKT" skipped="0">
  <testcase classname="GTZTransportation.gtz.KSXAdmin_ManageSalesReptTest" name="KSXAdmin_ManageSalesRep_Tests" time="5.913"/>
  <system-out/>
</testsuite> <!-- GTZTransportation.gtz.KSXAdmin_ManageSalesReptTest -->
