<?xml version="1.0" encoding="UTF-8"?>
<!-- Generated by org.testng.reporters.JUnitReportReporter -->
<testsuite hostname="NonOpsDev87" failures="0" tests="1" name="GTZTransportation.gtz.KeyRevenue_ReportsTest" time="180.014" errors="0" timestamp="2024-09-13T03:49:48 PKT" skipped="0">
  <testcase classname="GTZTransportation.gtz.KeyRevenue_ReportsTest" name="KeyRevenue_Report_tests" time="180.014"/>
  <system-out/>
</testsuite> <!-- GTZTransportation.gtz.KeyRevenue_ReportsTest -->
