<?xml version="1.0" encoding="UTF-8"?>
<!-- Generated by org.testng.reporters.JUnitReportReporter -->
<testsuite hostname="NonOpsDev87" failures="0" tests="1" name="GTZTransportation.gtz.CancelLoad_SpotQuoteTest" time="70.151" errors="0" timestamp="2024-09-27T00:52:44 PKT" skipped="0">
  <testcase classname="GTZTransportation.gtz.CancelLoad_SpotQuoteTest" name="spotQuote_CancelLoad_Tests" time="70.151"/>
  <system-out/>
</testsuite> <!-- GTZTransportation.gtz.CancelLoad_SpotQuoteTest -->
