<?xml version="1.0" encoding="UTF-8"?>
<!-- Generated by org.testng.reporters.JUnitReportReporter -->
<testsuite hostname="NonOpsDev87" failures="0" tests="1" name="GTZTransportation.gtz.Create_V22_LPSDirectLoad_AwardTest" time="93.107" errors="0" timestamp="2025-01-22T02:12:12 PKT" skipped="0">
  <testcase classname="GTZTransportation.gtz.Create_V22_LPSDirectLoad_AwardTest" name="spotQuote_V22_LPSDirect_Tests" time="93.107"/>
  <system-out/>
</testsuite> <!-- GTZTransportation.gtz.Create_V22_LPSDirectLoad_AwardTest -->
