<?xml version="1.0" encoding="UTF-8"?>
<!-- Generated by org.testng.reporters.JUnitReportReporter -->
<testsuite hostname="NonOpsDev87" failures="0" tests="1" name="GTZTransportation.gtz.CancelLoad_SpotQuoteTest" time="70.645" errors="0" timestamp="2024-05-14T22:15:14 PKT" skipped="0">
  <testcase classname="GTZTransportation.gtz.CancelLoad_SpotQuoteTest" name="spotQuote_CancelLoad_Tests" time="70.645"/>
  <system-out/>
</testsuite> <!-- GTZTransportation.gtz.CancelLoad_SpotQuoteTest -->
