<?xml version="1.0" encoding="UTF-8"?>
<!-- Generated by org.testng.reporters.JUnitReportReporter -->
<testsuite hostname="NonOpsDev87" failures="0" tests="1" name="GTZTransportation.gtz.LPS_Admin_Adhoc_RemoveBatch_Test" time="16.475" errors="0" timestamp="2025-04-21T20:20:00 PKT" skipped="0">
  <testcase classname="GTZTransportation.gtz.LPS_Admin_Adhoc_RemoveBatch_Test" name="LPS_Admin_Adhoc_RemoveBatch_Tests" time="16.475"/>
  <system-out/>
</testsuite> <!-- GTZTransportation.gtz.LPS_Admin_Adhoc_RemoveBatch_Test -->
