<?xml version="1.0" encoding="UTF-8"?>
<!-- Generated by org.testng.reporters.JUnitReportReporter -->
<testsuite hostname="NonOpsDev87" failures="0" tests="1" name="GTZTransportation.gtz.EmailTemplate_Admin_SpotQuoteTest" time="12.189" errors="0" timestamp="2025-04-21T20:20:00 PKT" skipped="0">
  <testcase classname="GTZTransportation.gtz.EmailTemplate_Admin_SpotQuoteTest" name="spotQuote_EmailTemplate_Admin_Tests" time="12.189"/>
  <system-out/>
</testsuite> <!-- GTZTransportation.gtz.EmailTemplate_Admin_SpotQuoteTest -->
