<?xml version="1.0" encoding="UTF-8"?>
<!-- Generated by org.testng.reporters.JUnitReportReporter -->
<testsuite hostname="NonOpsDev87" failures="0" tests="1" name="GTZTransportation.gtz.Requirment_Admin_SpotQuoteTest" time="11.874" errors="0" timestamp="2025-02-19T22:00:16 PKT" skipped="0">
  <testcase classname="GTZTransportation.gtz.Requirment_Admin_SpotQuoteTest" name="spotQuote_Requirment_Admin_Tests" time="11.874"/>
  <system-out/>
</testsuite> <!-- GTZTransportation.gtz.Requirment_Admin_SpotQuoteTest -->
