<?xml version="1.0" encoding="UTF-8"?>
<!-- Generated by org.testng.reporters.JUnitReportReporter -->
<testsuite hostname="NonOpsDev87" failures="0" tests="1" name="GTZTransportation.gtz.CopyLoad_SpotQuoteTest" time="56.697" errors="0" timestamp="2025-02-10T21:22:34 PKT" skipped="0">
  <testcase classname="GTZTransportation.gtz.CopyLoad_SpotQuoteTest" name="spotQuote_CopyLoad_Tests" time="56.697"/>
  <system-out/>
</testsuite> <!-- GTZTransportation.gtz.CopyLoad_SpotQuoteTest -->
