<?xml version="1.0" encoding="UTF-8"?>
<!-- Generated by org.testng.reporters.JUnitReportReporter -->
<testsuite hostname="NonOpsDev87" failures="0" tests="1" name="GTZTransportation.gtz.LPS_OptEvent_CustomerAccountTest" time="13.118" errors="0" timestamp="2024-12-20T10:23:13 PKT" skipped="0">
  <testcase classname="GTZTransportation.gtz.LPS_OptEvent_CustomerAccountTest" name="LPS_AccountManagement_Tests" time="13.118"/>
  <system-out/>
</testsuite> <!-- GTZTransportation.gtz.LPS_OptEvent_CustomerAccountTest -->
