<?xml version="1.0" encoding="UTF-8"?>
<!-- Generated by org.testng.reporters.JUnitReportReporter -->
<testsuite hostname="NonOpsDev87" failures="0" tests="2" name="GTZTransportation.gtz.LPS_QuickReportTest" time="110.235" errors="0" timestamp="2025-01-22T02:12:12 PKT" skipped="1">
  <testcase classname="GTZTransportation.gtz.LPS_QuickReportTest" name="LPS_QuickReport_Tests" time="29.755"/>
  <system-out/>
  <testcase classname="GTZTransportation.gtz.LPS_QuickReportTest" name="LPS_QuickReport_Tests" time="80.480">
    <skipped/>
  </testcase> <!-- LPS_QuickReport_Tests -->
  <system-out/>
</testsuite> <!-- GTZTransportation.gtz.LPS_QuickReportTest -->
