<?xml version="1.0" encoding="UTF-8"?>
<!-- Generated by org.testng.reporters.JUnitReportReporter -->
<testsuite hostname="NonOpsDev87" failures="0" tests="1" name="GTZTransportation.gtz.Report1_SpotQuoteTest" time="99.476" errors="0" timestamp="2025-04-28T21:18:30 PKT" skipped="0">
  <testcase classname="GTZTransportation.gtz.Report1_SpotQuoteTest" name="spotQuote_Reports_Tests" time="99.476"/>
  <system-out/>
</testsuite> <!-- GTZTransportation.gtz.Report1_SpotQuoteTest -->
