<?xml version="1.0" encoding="UTF-8"?>
<!-- Generated by org.testng.reporters.JUnitReportReporter -->
<testsuite hostname="NonOpsDev87" failures="0" tests="1" name="GTZTransportation.gtz.Report_SpotQuoteTest" time="33.852" errors="0" timestamp="2024-12-23T20:22:59 PKT" skipped="0">
  <testcase classname="GTZTransportation.gtz.Report_SpotQuoteTest" name="spotQuote_Reports_Tests" time="33.852"/>
  <system-out/>
</testsuite> <!-- GTZTransportation.gtz.Report_SpotQuoteTest -->
