<?xml version="1.0" encoding="UTF-8"?>
<!-- Generated by org.testng.reporters.JUnitReportReporter -->
<testsuite hostname="NonOpsDev87" failures="0" tests="1" name="GTZTransportation.gtz.KSXAdmin_ManageClientTest" time="14.582" errors="0" timestamp="2024-11-08T04:06:10 PKT" skipped="0">
  <testcase classname="GTZTransportation.gtz.KSXAdmin_ManageClientTest" name="KSXAdmin_ManageClient_Tests" time="14.582"/>
  <system-out/>
</testsuite> <!-- GTZTransportation.gtz.KSXAdmin_ManageClientTest -->
