<?xml version="1.0" encoding="UTF-8"?>
<!-- Generated by org.testng.reporters.JUnitReportReporter -->
<testsuite hostname="NonOpsDev87" failures="0" tests="1" name="GTZTransportation.gtz.LPS_InboundRouting_OrderTest" time="56.918" errors="0" timestamp="2025-04-03T03:25:09 PKT" skipped="0">
  <testcase classname="GTZTransportation.gtz.LPS_InboundRouting_OrderTest" name="LPS_InboundRouting_Order_Tests" time="56.918"/>
  <system-out/>
</testsuite> <!-- GTZTransportation.gtz.LPS_InboundRouting_OrderTest -->
