<?xml version="1.0" encoding="UTF-8"?>
<!-- Generated by org.testng.reporters.JUnitReportReporter -->
<testsuite hostname="NonOpsDev87" failures="0" tests="1" name="GTZTransportation.gtz.LPS_Resources_NewsAdminTest" time="13.931" errors="0" timestamp="2024-09-13T03:49:48 PKT" skipped="0">
  <testcase classname="GTZTransportation.gtz.LPS_Resources_NewsAdminTest" name="LPS_Resources_News_Admin_Tests" time="13.931"/>
  <system-out/>
</testsuite> <!-- GTZTransportation.gtz.LPS_Resources_NewsAdminTest -->
