<?xml version="1.0" encoding="UTF-8"?>
<!-- Generated by org.testng.reporters.JUnitReportReporter -->
<testsuite hostname="NonOpsDev87" failures="0" tests="1" name="GTZTransportation.gtz.FreightPayment_ClientAdminTest" time="12.899" errors="0" timestamp="2024-12-20T10:23:12 PKT" skipped="0">
  <testcase classname="GTZTransportation.gtz.FreightPayment_ClientAdminTest" name="FreightPayment_ClientAdmin_tests" time="12.899"/>
  <system-out/>
</testsuite> <!-- GTZTransportation.gtz.FreightPayment_ClientAdminTest -->
