<?xml version="1.0" encoding="UTF-8"?>
<!-- Generated by org.testng.reporters.JUnitReportReporter -->
<testsuite hostname="NonOpsDev87" failures="0" tests="1" name="GTZTransportation.gtz.LPS_Dashboard_BillOfLadingTest" time="4.431" errors="0" timestamp="2025-01-28T21:03:34 PKT" skipped="0">
  <testcase classname="GTZTransportation.gtz.LPS_Dashboard_BillOfLadingTest" name="LPS_Dashboard_BillOfLading_Tests" time="4.431"/>
  <system-out/>
</testsuite> <!-- GTZTransportation.gtz.LPS_Dashboard_BillOfLadingTest -->
