<?xml version="1.0" encoding="UTF-8"?>
<!-- Generated by org.testng.reporters.JUnitReportReporter -->
<testsuite hostname="NonOpsDev87" failures="0" tests="1" name="GTZTransportation.gtz.LoadFlow_SpotQuote_Ericsson_Radiant_Global_PD_Test" time="38.644" errors="0" timestamp="2024-07-31T22:38:08 PKT" skipped="0">
  <testcase classname="GTZTransportation.gtz.LoadFlow_SpotQuote_Ericsson_Radiant_Global_PD_Test" name="spotQuote_Ericson_PD_Confirmation_Tests" time="38.644"/>
  <system-out/>
</testsuite> <!-- GTZTransportation.gtz.LoadFlow_SpotQuote_Ericsson_Radiant_Global_PD_Test -->
