<?xml version="1.0" encoding="UTF-8"?>
<!-- Generated by org.testng.reporters.JUnitReportReporter -->
<testsuite hostname="NonOpsDev87" failures="0" tests="1" name="GTZTransportation.gtz.KeyRevenue_AdminTest" time="49.006" errors="0" timestamp="2024-04-12T17:27:54 PKT" skipped="0">
  <testcase classname="GTZTransportation.gtz.KeyRevenue_AdminTest" name="KeyRevenue_Admin_tests" time="49.006"/>
  <system-out/>
</testsuite> <!-- GTZTransportation.gtz.KeyRevenue_AdminTest -->
