<?xml version="1.0" encoding="UTF-8"?>
<!-- Generated by org.testng.reporters.JUnitReportReporter -->
<testsuite hostname="NonOpsDev87" failures="0" tests="1" name="GTZTransportation.gtz.LPS_Admin_AdhocZeroInvoiceTest" time="13.259" errors="0" timestamp="2024-06-06T01:18:53 AST" skipped="0">
  <testcase classname="GTZTransportation.gtz.LPS_Admin_AdhocZeroInvoiceTest" name="LPS_Admin_Adhoc_ZeroInvoicer_Tests" time="13.259"/>
  <system-out/>
</testsuite> <!-- GTZTransportation.gtz.LPS_Admin_AdhocZeroInvoiceTest -->
