<?xml version="1.0" encoding="UTF-8"?>
<!-- Generated by org.testng.reporters.JUnitReportReporter -->
<testsuite hostname="NonOpsDev87" failures="0" tests="1" name="GTZTransportation.gtz.KSXAdmin_ManageUsersTest" time="33.914" errors="0" timestamp="2025-02-18T20:28:48 PKT" skipped="0">
  <testcase classname="GTZTransportation.gtz.KSXAdmin_ManageUsersTest" name="KSXAdmin_ManageUsers_Tests" time="33.914"/>
  <system-out/>
</testsuite> <!-- GTZTransportation.gtz.KSXAdmin_ManageUsersTest -->
