<?xml version="1.0" encoding="UTF-8"?>
<!-- Generated by org.testng.reporters.JUnitReportReporter -->
<testsuite hostname="NonOpsDev87" failures="0" tests="1" name="GTZTransportation.gtz.LPS_Dashboard_All_ReportsTest" time="77.950" errors="0" timestamp="2024-12-23T20:22:58 PKT" skipped="0">
  <testcase classname="GTZTransportation.gtz.LPS_Dashboard_All_ReportsTest" name="LPS_Dashboard_Reports_Tests" time="77.950"/>
  <system-out/>
</testsuite> <!-- GTZTransportation.gtz.LPS_Dashboard_All_ReportsTest -->
