<?xml version="1.0" encoding="UTF-8"?>
<!-- Generated by org.testng.reporters.JUnitReportReporter -->
<testsuite hostname="NonOpsDev87" failures="0" tests="1" name="GTZTransportation.gtz.LPS_Admin_AdhocChangeInvocieCustomerTest" time="13.386" errors="0" timestamp="2024-05-16T23:25:43 PKT" skipped="0">
  <testcase classname="GTZTransportation.gtz.LPS_Admin_AdhocChangeInvocieCustomerTest" name="LPS_Admin_Adhoc_ChangeInvoiceCustomer_Tests" time="13.386"/>
  <system-out/>
</testsuite> <!-- GTZTransportation.gtz.LPS_Admin_AdhocChangeInvocieCustomerTest -->
