<?xml version="1.0" encoding="UTF-8"?>
<!-- Generated by org.testng.reporters.JUnitReportReporter -->
<testsuite hostname="NonOpsDev87" failures="0" tests="1" name="GTZTransportation.gtz.KeyRevenue_AdminTest" time="46.281" errors="0" timestamp="2024-07-26T13:01:45 PKT" skipped="0">
  <testcase classname="GTZTransportation.gtz.KeyRevenue_AdminTest" name="KeyRevenue_Admin_tests" time="46.281"/>
  <system-out/>
</testsuite> <!-- GTZTransportation.gtz.KeyRevenue_AdminTest -->
