<?xml version="1.0" encoding="UTF-8"?>
<!-- Generated by org.testng.reporters.JUnitReportReporter -->
<testsuite hostname="NonOpsDev87" failures="0" tests="1" name="GTZTransportation.gtz.CopyLoad_SpotQuoteTest" time="51.678" errors="0" timestamp="2024-11-06T18:44:50 PKT" skipped="0">
  <testcase classname="GTZTransportation.gtz.CopyLoad_SpotQuoteTest" name="spotQuote_CopyLoad_Tests" time="51.678"/>
  <system-out/>
</testsuite> <!-- GTZTransportation.gtz.CopyLoad_SpotQuoteTest -->
