<?xml version="1.0" encoding="UTF-8"?>
<!-- Generated by org.testng.reporters.JUnitReportReporter -->
<testsuite hostname="NonOpsDev87" failures="0" tests="1" name="GTZTransportation.gtz.EmailTemplate_Admin_SpotQuoteTest" time="11.890" errors="0" timestamp="2024-09-27T00:52:44 PKT" skipped="0">
  <testcase classname="GTZTransportation.gtz.EmailTemplate_Admin_SpotQuoteTest" name="spotQuote_EmailTemplate_Admin_Tests" time="11.890"/>
  <system-out/>
</testsuite> <!-- GTZTransportation.gtz.EmailTemplate_Admin_SpotQuoteTest -->
