<?xml version="1.0" encoding="UTF-8"?>
<!-- Generated by org.testng.reporters.JUnitReportReporter -->
<testsuite hostname="NonOpsDev87" failures="0" tests="1" name="GTZTransportation.gtz.LoadBoard_Search_SpotQuoteTest" time="196.089" errors="0" timestamp="2025-03-21T22:05:31 PKT" skipped="0">
  <testcase classname="GTZTransportation.gtz.LoadBoard_Search_SpotQuoteTest" name="spotQuote_LoadBoard_Tests" time="196.089"/>
  <system-out/>
</testsuite> <!-- GTZTransportation.gtz.LoadBoard_Search_SpotQuoteTest -->
