<?xml version="1.0" encoding="UTF-8"?>
<!-- Generated by org.testng.reporters.JUnitReportReporter -->
<testsuite hostname="NonOpsDev87" failures="0" tests="1" name="GTZTransportation.gtz.LoadHistory_SpotQuoteTest" time="54.507" errors="0" timestamp="2024-04-23T22:43:30 PKT" skipped="0">
  <testcase classname="GTZTransportation.gtz.LoadHistory_SpotQuoteTest" name="spotQuote_LoadHistory_Tests" time="54.507"/>
  <system-out/>
</testsuite> <!-- GTZTransportation.gtz.LoadHistory_SpotQuoteTest -->
