<?xml version="1.0" encoding="UTF-8"?>
<!-- Generated by org.testng.reporters.JUnitReportReporter -->
<testsuite hostname="NonOpsDev87" failures="0" tests="1" name="GTZTransportation.gtz.FreightPayment_GTZTest" time="13.879" errors="0" timestamp="2024-12-23T20:22:59 PKT" skipped="0">
  <testcase classname="GTZTransportation.gtz.FreightPayment_GTZTest" name="FreightPayment_GTZ_tests" time="13.879"/>
  <system-out/>
</testsuite> <!-- GTZTransportation.gtz.FreightPayment_GTZTest -->
