<?xml version="1.0" encoding="UTF-8"?>
<!-- Generated by org.testng.reporters.JUnitReportReporter -->
<testsuite hostname="NonOpsDev87" failures="0" tests="1" name="GTZTransportation.gtz.CreateBOL_FindRatesParcelTest" time="47.249" errors="0" timestamp="2025-02-10T21:22:34 PKT" skipped="0">
  <testcase classname="GTZTransportation.gtz.CreateBOL_FindRatesParcelTest" name="FindRatesParcel_BOL_Creation_Tests" time="47.249"/>
  <system-out/>
</testsuite> <!-- GTZTransportation.gtz.CreateBOL_FindRatesParcelTest -->
