<?xml version="1.0" encoding="UTF-8"?>
<!-- Generated by org.testng.reporters.JUnitReportReporter -->
<testsuite hostname="NonOpsDev87" failures="0" tests="1" name="GTZTransportation.gtz.LoadBoard_Search_SpotQuoteTest" time="133.568" errors="0" timestamp="2024-08-05T15:06:06 PKT" skipped="0">
  <testcase classname="GTZTransportation.gtz.LoadBoard_Search_SpotQuoteTest" name="spotQuote_LoadBoard_Tests" time="133.568"/>
  <system-out/>
</testsuite> <!-- GTZTransportation.gtz.LoadBoard_Search_SpotQuoteTest -->
