<?xml version="1.0" encoding="UTF-8"?>
<!-- Generated by org.testng.reporters.JUnitReportReporter -->
<testsuite hostname="NonOpsDev87" failures="0" tests="1" name="GTZTransportation.gtz.VICS_VerifyCustomerTest" time="6.353" errors="0" timestamp="2025-04-03T03:25:09 PKT" skipped="0">
  <testcase classname="GTZTransportation.gtz.VICS_VerifyCustomerTest" name="VICS_CustomersList_Tests" time="6.353"/>
  <system-out/>
</testsuite> <!-- GTZTransportation.gtz.VICS_VerifyCustomerTest -->
