<?xml version="1.0" encoding="UTF-8"?>
<!-- Generated by org.testng.reporters.JUnitReportReporter -->
<testsuite hostname="NonOpsDev87" failures="0" tests="1" name="GTZTransportation.gtz.LoadBoard_LoadManagement_SpotQuoteTest" time="47.481" errors="0" timestamp="2025-01-28T21:03:34 PKT" skipped="0">
  <testcase classname="GTZTransportation.gtz.LoadBoard_LoadManagement_SpotQuoteTest" name="spotQuote_LoadBoard_LoadManagement_Tests" time="47.481"/>
  <system-out/>
</testsuite> <!-- GTZTransportation.gtz.LoadBoard_LoadManagement_SpotQuoteTest -->
