<?xml version="1.0" encoding="UTF-8"?>
<!-- Generated by org.testng.reporters.JUnitReportReporter -->
<testsuite hostname="NonOpsDev87" failures="0" tests="1" name="GTZTransportation.gtz.Transport_Admin_SpotQuoteTest" time="12.856" errors="0" timestamp="2024-04-23T22:43:30 PKT" skipped="0">
  <testcase classname="GTZTransportation.gtz.Transport_Admin_SpotQuoteTest" name="spotQuote_Transport_Admin_Tests" time="12.856"/>
  <system-out/>
</testsuite> <!-- GTZTransportation.gtz.Transport_Admin_SpotQuoteTest -->
