<?xml version="1.0" encoding="UTF-8"?>
<!-- Generated by org.testng.reporters.JUnitReportReporter -->
<testsuite hostname="NonOpsDev87" failures="0" tests="1" name="GTZTransportation.gtz.Expressions_Admin_SpotQuoteTest" time="14.471" errors="0" timestamp="2024-11-08T04:06:10 PKT" skipped="0">
  <testcase classname="GTZTransportation.gtz.Expressions_Admin_SpotQuoteTest" name="spotQuote_Expressions_Admin_Tests" time="14.471"/>
  <system-out/>
</testsuite> <!-- GTZTransportation.gtz.Expressions_Admin_SpotQuoteTest -->
